2026-06-19 00:00:12,413 - INFO - Khởi động ứng dụng
2026-06-19 00:00:12,424 - INFO - Đã tải dữ liệu thành công
2026-06-19 00:00:18,991 - INFO - Mở cửa sổ cập nhật bạn đọc
2026-06-19 00:00:22,469 - INFO - Mở cửa sổ cập nhật bạn đọc
2026-06-19 00:00:26,538 - INFO - Mở cửa sổ tìm kiếm bạn đọc
2026-06-19 00:01:46,477 - INFO - Đã lưu dữ liệu và kết thúc ứng dụng
2026-06-19 00:01:51,320 - INFO - Khởi động ứng dụng
2026-06-19 00:01:51,324 - INFO - Đã tải dữ liệu thành công
2026-06-19 00:01:55,042 - INFO - Mở cửa sổ thêm bạn đọc mới
2026-06-19 00:02:03,537 - INFO - Mở cửa sổ cập nhật bạn đọc
2026-06-19 00:02:06,071 - INFO - Mở cửa sổ tìm kiếm bạn đọc
2026-06-19 00:04:33,303 - INFO - Khởi động ứng dụng
2026-06-19 00:04:33,314 - INFO - Đã tải dữ liệu thành công
2026-06-19 00:04:37,950 - INFO - Mở cửa sổ tìm kiếm bạn đọc
2026-06-19 00:05:03,936 - INFO - Đã lưu dữ liệu và kết thúc ứng dụng
2026-06-19 00:05:09,088 - INFO - Khởi động ứng dụng
2026-06-19 00:05:09,096 - INFO - Đã tải dữ liệu thành công
2026-06-19 00:05:17,046 - INFO - Mở cửa sổ tìm kiếm bạn đọc
2026-06-19 00:05:32,075 - INFO - Đã lưu dữ liệu và kết thúc ứng dụng
2026-06-19 00:05:58,991 - INFO - Khởi động ứng dụng
2026-06-19 00:05:58,999 - INFO - Đã tải dữ liệu thành công
2026-06-19 00:06:02,146 - INFO - Mở cửa sổ tìm kiếm bạn đọc
2026-06-19 00:07:35,779 - INFO - Mở cửa sổ mượn sách
2026-06-19 00:17:48,525 - INFO - Đã lưu dữ liệu và kết thúc ứng dụng
2026-06-19 00:29:41,114 - INFO - Khởi động ứng dụng
2026-06-19 00:29:41,125 - INFO - Đã tải dữ liệu thành công
2026-06-19 00:29:47,214 - INFO - Mở cửa sổ mượn sách
2026-06-19 00:29:50,659 - INFO - Mở cửa sổ trả sách
2026-06-19 00:29:53,502 - INFO - Mở cửa sổ xem lịch sử mượn/trả
2026-06-19 00:29:56,960 - INFO - Mở cửa sổ danh sách sách quá hạn
2026-06-19 00:30:02,450 - INFO - Đã lưu dữ liệu và kết thúc ứng dụng
2026-06-19 00:30:33,637 - INFO - Khởi động ứng dụng
2026-06-19 00:30:33,644 - INFO - Đã tải dữ liệu thành công
2026-06-19 00:30:43,056 - INFO - Đã lưu dữ liệu và kết thúc ứng dụng
2026-06-19 00:31:47,715 - INFO - Khởi động ứng dụng
2026-06-19 00:31:47,718 - INFO - Đã tải dữ liệu thành công
2026-06-19 00:31:54,112 - INFO - Mở cửa sổ mượn sách
2026-06-19 00:32:22,610 - INFO - Khởi động ứng dụng
2026-06-19 00:32:22,619 - INFO - Đã tải dữ liệu thành công
2026-06-19 00:32:25,262 - INFO - Mở cửa sổ mượn sách
2026-06-19 00:33:52,682 - INFO - Đã lưu dữ liệu và kết thúc ứng dụng
2026-06-19 00:33:56,896 - INFO - Khởi động ứng dụng
2026-06-19 00:33:56,896 - INFO - Đã tải dữ liệu thành công
2026-06-19 00:33:59,733 - INFO - Mở cửa sổ mượn sách
2026-06-19 00:34:47,255 - INFO - Đã lưu dữ liệu và kết thúc ứng dụng
2026-06-19 00:34:50,651 - INFO - Khởi động ứng dụng
2026-06-19 00:34:50,662 - INFO - Đã tải dữ liệu thành công
2026-06-19 00:34:55,192 - INFO - Mở cửa sổ danh sách sách quá hạn
2026-06-19 00:36:12,506 - INFO - Mở cửa sổ trả sách
2026-06-19 00:36:18,681 - INFO - Trả sách S058 bởi BD002
2026-06-19 00:36:22,519 - INFO - Mở cửa sổ xem lịch sử mượn/trả
2026-06-19 00:36:34,076 - INFO - Mở cửa sổ mượn sách
2026-06-19 00:38:51,939 - INFO - Đã lưu dữ liệu và kết thúc ứng dụng
2026-06-19 00:39:04,488 - INFO - Khởi động ứng dụng
2026-06-19 00:39:04,503 - INFO - Đã tải dữ liệu thành công
2026-06-19 00:39:11,437 - INFO - Mở cửa sổ mượn sách
2026-06-19 00:40:27,710 - INFO - Đã lưu dữ liệu và kết thúc ứng dụng
2026-06-19 00:40:36,076 - INFO - Khởi động ứng dụng
2026-06-19 00:40:36,083 - INFO - Đã tải dữ liệu thành công
2026-06-19 00:40:41,944 - INFO - Mở cửa sổ mượn sách
2026-06-19 00:40:49,704 - INFO - Mượn sách S101 bởi BD002
2026-06-19 00:40:59,697 - INFO - Đã lưu dữ liệu và kết thúc ứng dụng
2026-06-19 14:23:10,886 - INFO - Khởi động ứng dụng
2026-06-19 14:23:10,893 - INFO - Đã tải dữ liệu thành công
2026-06-19 14:23:18,234 - INFO - Mở cửa sổ top sách mượn nhiều nhất
2026-06-19 14:23:38,175 - INFO - Mở cửa sổ top sách mượn nhiều nhất
2026-06-19 14:25:51,877 - INFO - Đã lưu dữ liệu và kết thúc ứng dụng
2026-06-19 14:25:55,937 - INFO - Khởi động ứng dụng
2026-06-19 14:25:55,953 - INFO - Đã tải dữ liệu thành công
2026-06-19 14:26:01,665 - INFO - Mở cửa sổ top sách mượn nhiều nhất
2026-06-19 14:26:06,238 - INFO - Đã lưu dữ liệu và kết thúc ứng dụng
2026-06-19 14:26:31,169 - INFO - Khởi động ứng dụng
2026-06-19 14:26:31,169 - INFO - Đã tải dữ liệu thành công
2026-06-19 14:27:07,126 - INFO - Đã lưu dữ liệu và kết thúc ứng dụng
2026-06-19 14:30:29,915 - INFO - Khởi động ứng dụng
2026-06-19 14:30:29,924 - INFO - Đã tải dữ liệu thành công
2026-06-19 14:30:42,143 - INFO - Đã lưu dữ liệu và kết thúc ứng dụng
2026-06-19 14:34:12,551 - INFO - Khởi động ứng dụng
2026-06-19 14:34:12,553 - INFO - Đã tải dữ liệu thành công
2026-06-19 14:34:18,955 - INFO - Đã lưu dữ liệu và kết thúc ứng dụng
2026-06-19 14:34:40,671 - INFO - Khởi động ứng dụng
2026-06-19 14:34:40,686 - INFO - Đã tải dữ liệu thành công
2026-06-19 14:34:59,621 - INFO - Đã lưu dữ liệu và kết thúc ứng dụng
2026-06-19 14:35:17,122 - INFO - Khởi động ứng dụng
2026-06-19 14:35:17,125 - INFO - Đã tải dữ liệu thành công
2026-06-19 14:35:36,046 - INFO - Đã lưu dữ liệu và kết thúc ứng dụng
2026-06-19 14:35:57,844 - INFO - Khởi động ứng dụng
2026-06-19 14:35:57,848 - INFO - Đã tải dữ liệu thành công
2026-06-19 14:36:16,443 - INFO - Mở cửa sổ trả sách
2026-06-19 14:36:29,698 - INFO - Đã lưu dữ liệu và kết thúc ứng dụng
2026-06-19 14:37:16,737 - INFO - Khởi động ứng dụng
2026-06-19 14:37:16,737 - INFO - Đã tải dữ liệu thành công
2026-06-19 14:37:28,821 - INFO - Đã lưu dữ liệu và kết thúc ứng dụng
2026-06-19 14:39:34,336 - INFO - Khởi động ứng dụng
2026-06-19 14:39:34,341 - INFO - Đã tải dữ liệu thành công
2026-06-19 14:39:44,283 - INFO - Đã lưu dữ liệu và kết thúc ứng dụng
2026-06-19 14:40:36,068 - INFO - Khởi động ứng dụng
2026-06-19 14:40:36,074 - INFO - Đã tải dữ liệu thành công
2026-06-19 14:40:44,778 - INFO - Đã lưu dữ liệu và kết thúc ứng dụng
2026-06-19 14:41:01,351 - INFO - Khởi động ứng dụng
2026-06-19 14:41:01,357 - INFO - Đã tải dữ liệu thành công
2026-06-19 14:41:13,012 - INFO - Đã lưu dữ liệu và kết thúc ứng dụng
2026-06-19 14:41:25,707 - INFO - Khởi động ứng dụng
2026-06-19 14:41:25,711 - INFO - Đã tải dữ liệu thành công
2026-06-19 14:42:05,925 - INFO - Đã lưu dữ liệu và kết thúc ứng dụng
2026-06-19 14:45:23,220 - INFO - Khởi động ứng dụng
2026-06-19 14:45:23,225 - INFO - Đã tải dữ liệu thành công
2026-06-19 14:45:43,125 - INFO - Đã lưu dữ liệu và kết thúc ứng dụng
2026-06-19 14:45:46,516 - INFO - Khởi động ứng dụng
2026-06-19 14:45:46,519 - INFO - Đã tải dữ liệu thành công
2026-06-19 14:46:56,258 - INFO - Mở cửa sổ danh sách sách quá hạn
2026-06-19 14:47:06,073 - INFO - Đã lưu dữ liệu và kết thúc ứng dụng
2026-06-19 14:48:27,300 - INFO - Khởi động ứng dụng
2026-06-19 14:48:27,304 - INFO - Đã tải dữ liệu thành công
2026-06-19 14:48:30,064 - INFO - Mở cửa sổ danh sách sách quá hạn
2026-06-19 14:48:42,741 - INFO - Đã lưu dữ liệu và kết thúc ứng dụng
2026-06-19 15:11:28,768 - INFO - Khởi động ứng dụng
2026-06-19 15:11:28,779 - INFO - Đã tải dữ liệu thành công
2026-06-19 15:41:15,607 - INFO - Mở cửa sổ thêm sách mới
2026-06-19 15:41:25,923 - INFO - Mở cửa sổ thêm sách mới
2026-06-19 15:47:04,330 - INFO - Thêm sách: S202
2026-06-19 15:48:30,624 - INFO - Mở cửa sổ thêm sách mới
2026-06-19 15:49:08,558 - INFO - Thêm sách: S203
2026-06-19 15:50:51,234 - INFO - Đã lưu dữ liệu và kết thúc ứng dụng
2026-06-19 15:50:54,194 - INFO - Khởi động ứng dụng
2026-06-19 15:50:54,199 - INFO - Đã tải dữ liệu thành công
2026-06-19 15:50:56,015 - INFO - Mở cửa sổ thêm sách mới
2026-06-19 15:52:45,241 - INFO - Đã lưu dữ liệu và kết thúc ứng dụng
2026-06-19 15:52:47,608 - INFO - Khởi động ứng dụng
2026-06-19 15:52:47,613 - INFO - Đã tải dữ liệu thành công
2026-06-19 15:52:49,522 - INFO - Mở cửa sổ thêm sách mới
2026-06-19 15:55:52,086 - INFO - Đã lưu dữ liệu và kết thúc ứng dụng
2026-06-19 15:55:57,980 - INFO - Khởi động ứng dụng
2026-06-19 15:55:57,983 - INFO - Đã tải dữ liệu thành công
2026-06-19 15:56:01,431 - INFO - Mở cửa sổ thêm sách mới
2026-06-19 15:56:32,109 - INFO - Mở cửa sổ thêm sách mới
2026-06-19 15:56:45,665 - INFO - Mở cửa sổ thêm sách mới
2026-06-19 15:59:20,701 - INFO - Đã lưu dữ liệu và kết thúc ứng dụng
2026-06-19 15:59:23,910 - INFO - Khởi động ứng dụng
2026-06-19 15:59:23,915 - INFO - Đã tải dữ liệu thành công
2026-06-19 16:00:11,360 - INFO - Mở cửa sổ thêm sách mới
2026-06-19 16:01:09,035 - INFO - Thêm sách: S203
2026-06-19 16:07:03,664 - INFO - Mở cửa sổ cập nhật sách
2026-06-19 16:07:08,383 - INFO - Mở cửa sổ cập nhật sách
2026-06-19 16:08:19,371 - INFO - Đã lưu dữ liệu và kết thúc ứng dụng
2026-06-19 16:08:22,495 - INFO - Khởi động ứng dụng
2026-06-19 16:08:22,495 - INFO - Đã tải dữ liệu thành công
2026-06-19 16:11:57,632 - INFO - Mở cửa sổ cập nhật sách
2026-06-19 16:12:06,441 - INFO - Mở cửa sổ cập nhật sách
2026-06-19 16:12:16,816 - INFO - Cập nhật sách: S009
2026-06-19 16:15:58,647 - INFO - Mở cửa sổ cập nhật sách
2026-06-19 16:20:34,970 - INFO - Mở cửa sổ cập nhật sách
2026-06-19 16:21:46,135 - INFO - Mở cửa sổ cập nhật sách
2026-06-19 16:22:07,984 - INFO - Mở cửa sổ cập nhật sách
2026-06-19 16:22:12,287 - INFO - Cập nhật sách: S001
2026-06-19 16:22:15,237 - INFO - Mở cửa sổ cập nhật sách
2026-06-19 16:22:23,989 - INFO - Mở cửa sổ mượn sách
2026-06-19 16:26:23,477 - INFO - Khởi động ứng dụng
2026-06-19 16:26:23,482 - INFO - Đã tải dữ liệu thành công
2026-06-19 16:26:28,197 - INFO - Mở cửa sổ mượn sách
2026-06-19 16:27:42,202 - INFO - Khởi động ứng dụng
2026-06-19 16:27:42,213 - INFO - Đã tải dữ liệu thành công
2026-06-19 16:27:45,443 - INFO - Đã lưu dữ liệu và kết thúc ứng dụng
2026-06-19 16:28:40,234 - INFO - Khởi động ứng dụng
2026-06-19 16:28:40,239 - INFO - Đã tải dữ liệu thành công
2026-06-19 16:28:44,037 - INFO - Mở cửa sổ mượn sách
2026-06-19 16:29:14,548 - INFO - Khởi động ứng dụng
2026-06-19 16:29:14,554 - INFO - Đã tải dữ liệu thành công
2026-06-19 16:29:17,297 - INFO - Mở cửa sổ mượn sách
2026-06-19 16:30:02,867 - INFO - Đã lưu dữ liệu và kết thúc ứng dụng
2026-06-19 16:30:09,914 - INFO - Khởi động ứng dụng
2026-06-19 16:30:09,917 - INFO - Đã tải dữ liệu thành công
2026-06-19 16:30:12,282 - INFO - Mở cửa sổ mượn sách
2026-06-19 16:30:58,618 - INFO - Đã lưu dữ liệu và kết thúc ứng dụng
2026-06-19 16:31:01,738 - INFO - Khởi động ứng dụng
2026-06-19 16:31:01,745 - INFO - Đã tải dữ liệu thành công
2026-06-19 16:31:04,421 - INFO - Mở cửa sổ mượn sách
2026-06-19 16:31:42,771 - INFO - Đã lưu dữ liệu và kết thúc ứng dụng
2026-06-19 16:32:28,662 - INFO - Khởi động ứng dụng
2026-06-19 16:32:28,666 - INFO - Đã tải dữ liệu thành công
2026-06-19 16:32:31,237 - INFO - Mở cửa sổ mượn sách
2026-06-19 16:32:39,941 - INFO - Mượn sách S001 bởi BD008
2026-06-19 16:32:58,256 - INFO - Mở cửa sổ mượn sách
2026-06-19 16:33:06,067 - INFO - Mượn sách S002 bởi BD002
2026-06-19 16:33:57,216 - INFO - Mở cửa sổ trả sách
2026-06-19 16:34:12,645 - INFO - Trả sách S001 bởi BD001
2026-06-19 16:34:29,434 - INFO - Trả sách S001 bởi BD008
2026-06-19 16:34:52,669 - INFO - Trả sách S001 bởi BD015
2026-06-19 16:39:36,800 - INFO - Khởi động ứng dụng
2026-06-19 16:39:36,807 - INFO - Đã tải dữ liệu thành công
2026-06-19 16:39:41,811 - INFO - Mở cửa sổ mượn sách
2026-06-19 16:39:49,332 - INFO - Mượn sách S001 bởi BD001
2026-06-19 16:40:02,477 - INFO - Mở cửa sổ xem lịch sử mượn/trả
2026-06-19 16:40:19,414 - INFO - Mở cửa sổ trả sách
2026-06-19 16:40:24,586 - INFO - Trả sách S002 bởi BD002
2026-06-19 16:42:57,888 - INFO - Đã lưu dữ liệu và kết thúc ứng dụng
2026-06-19 16:43:00,153 - INFO - Khởi động ứng dụng
2026-06-19 16:43:00,158 - INFO - Đã tải dữ liệu thành công
2026-06-19 16:45:45,457 - INFO - Khởi động ứng dụng
2026-06-19 16:45:45,462 - INFO - Đã tải dữ liệu thành công
2026-06-19 16:45:58,231 - INFO - Mở cửa sổ xem lịch sử mượn/trả
2026-06-19 16:58:01,433 - INFO - Đã lưu dữ liệu và kết thúc ứng dụng
2026-06-19 16:58:04,387 - INFO - Khởi động ứng dụng
2026-06-19 16:58:04,394 - INFO - Đã tải dữ liệu thành công
2026-06-19 16:58:15,427 - INFO - Mở cửa sổ trả sách
2026-06-19 16:58:35,061 - INFO - Mở cửa sổ mượn sách
2026-06-19 16:58:53,422 - INFO - Mở cửa sổ mượn sách
2026-06-19 16:59:10,161 - INFO - Mượn sách S008 bởi BD009
2026-06-19 16:59:19,211 - INFO - Mở cửa sổ trả sách
2026-06-19 16:59:24,945 - INFO - Trả sách S008 bởi BD009
2026-06-19 17:00:36,731 - INFO - Khởi động ứng dụng
2026-06-19 17:00:36,737 - INFO - Đã tải dữ liệu thành công
2026-06-19 17:00:45,427 - INFO - Mở cửa sổ xem lịch sử mượn/trả
2026-06-19 17:00:52,906 - INFO - Mở cửa sổ xem lịch sử mượn/trả
2026-06-19 17:01:10,583 - INFO - Mở cửa sổ trả sách
2026-06-19 17:01:16,241 - INFO - Trả sách S008 bởi BD002
2026-06-19 17:01:27,457 - INFO - Mở cửa sổ mượn sách
2026-06-19 17:01:36,970 - INFO - Mượn sách S008 bởi BD002
2026-06-19 17:01:40,435 - INFO - Mở cửa sổ mượn sách
2026-06-19 17:06:11,951 - INFO - Đã lưu dữ liệu và kết thúc ứng dụng
2026-06-19 17:22:48,883 - INFO - Khởi động ứng dụng
2026-06-19 17:22:48,888 - INFO - Đã tải dữ liệu thành công
2026-06-19 17:22:59,280 - INFO - Mở cửa sổ xem lịch sử mượn/trả
2026-06-19 17:23:40,780 - INFO - Đã lưu dữ liệu và kết thúc ứng dụng
2026-06-19 17:25:10,786 - INFO - Khởi động ứng dụng
2026-06-19 17:25:10,790 - INFO - Đã tải dữ liệu thành công
2026-06-19 17:25:16,139 - INFO - Mở cửa sổ mượn sách
2026-06-19 17:25:33,900 - INFO - Mượn sách S001 bởi BD050
2026-06-19 17:27:14,112 - INFO - Đã lưu dữ liệu và kết thúc ứng dụng
2026-06-19 17:27:17,046 - INFO - Khởi động ứng dụng
2026-06-19 17:27:17,050 - INFO - Đã tải dữ liệu thành công
2026-06-19 17:27:21,156 - INFO - Mở cửa sổ mượn sách
2026-06-19 17:27:41,105 - INFO - Mượn sách S001 bởi BD049
2026-06-19 17:27:50,984 - INFO - Đã lưu dữ liệu và kết thúc ứng dụng
2026-06-19 17:28:29,398 - INFO - Khởi động ứng dụng
2026-06-19 17:28:29,403 - INFO - Đã tải dữ liệu thành công
2026-06-19 17:28:29,639 - ERROR - Lỗi không mong muốn: Invalid column index Còn lại
Traceback (most recent call last):
  File "c:\HỆ THỐNG QUẢN LÝ THƯ VIỆN\main.py", line 13, in <module>
    app = gui.LibraryManagementSystem(root)
          ^^^^^^^^^^^^^^^^^^^^^^^^^^^^^^^^^
  File "c:\HỆ THỐNG QUẢN LÝ THƯ VIỆN\gui.py", line 118, in __init__
    self.setup_book_tab()
  File "c:\HỆ THỐNG QUẢN LÝ THƯ VIỆN\gui.py", line 162, in setup_book_tab
    self.book_tree.heading(col, text=col)
  File "C:\Program Files\WindowsApps\PythonSoftwareFoundation.Python.3.12_3.12.2800.0_x64__qbz5n2kfra8p0\Lib\tkinter\ttk.py", line 1277, in heading
    return _val_or_dict(self.tk, kw, self._w, 'heading', column)
           ^^^^^^^^^^^^^^^^^^^^^^^^^^^^^^^^^^^^^^^^^^^^^^^^^^^^^
  File "C:\Program Files\WindowsApps\PythonSoftwareFoundation.Python.3.12_3.12.2800.0_x64__qbz5n2kfra8p0\Lib\tkinter\ttk.py", line 281, in _val_or_dict
    res = tk.call(*(args + options))
          ^^^^^^^^^^^^^^^^^^^^^^^^^^
_tkinter.TclError: Invalid column index Còn lại
2026-06-19 17:28:53,851 - INFO - Khởi động ứng dụng
2026-06-19 17:28:53,851 - INFO - Đã tải dữ liệu thành công
2026-06-19 17:29:48,007 - INFO - Đã lưu dữ liệu và kết thúc ứng dụng
2026-06-19 17:29:50,474 - INFO - Khởi động ứng dụng
2026-06-19 17:29:50,477 - INFO - Đã tải dữ liệu thành công
2026-06-19 17:30:12,113 - INFO - Đã lưu dữ liệu và kết thúc ứng dụng
2026-06-19 17:43:57,809 - INFO - Khởi động ứng dụng
2026-06-19 17:43:57,816 - INFO - Đã tải dữ liệu thành công
2026-06-19 17:44:46,662 - INFO - Đã lưu dữ liệu và kết thúc ứng dụng
2026-06-19 17:44:49,240 - INFO - Khởi động ứng dụng
2026-06-19 17:44:49,240 - INFO - Đã tải dữ liệu thành công
2026-06-19 17:44:54,357 - INFO - Đã lưu dữ liệu và kết thúc ứng dụng
2026-06-19 17:45:09,220 - INFO - Khởi động ứng dụng
2026-06-19 17:45:09,223 - INFO - Đã tải dữ liệu thành công
2026-06-19 17:45:15,419 - INFO - Đã lưu dữ liệu và kết thúc ứng dụng
2026-06-19 17:45:26,275 - INFO - Khởi động ứng dụng
2026-06-19 17:45:26,279 - INFO - Đã tải dữ liệu thành công
2026-06-19 17:45:33,462 - INFO - Đã lưu dữ liệu và kết thúc ứng dụng
2026-06-19 17:45:46,499 - INFO - Khởi động ứng dụng
2026-06-19 17:45:46,503 - INFO - Đã tải dữ liệu thành công
2026-06-19 17:46:00,123 - INFO - Đã lưu dữ liệu và kết thúc ứng dụng
2026-06-19 17:46:15,092 - INFO - Khởi động ứng dụng
2026-06-19 17:46:15,092 - INFO - Đã tải dữ liệu thành công
2026-06-19 17:46:24,009 - INFO - Đã lưu dữ liệu và kết thúc ứng dụng
2026-06-19 17:46:48,366 - INFO - Khởi động ứng dụng
2026-06-19 17:46:48,370 - INFO - Đã tải dữ liệu thành công
2026-06-19 17:46:53,816 - INFO - Đã lưu dữ liệu và kết thúc ứng dụng
2026-06-19 17:47:04,127 - INFO - Khởi động ứng dụng
2026-06-19 17:47:04,131 - INFO - Đã tải dữ liệu thành công
2026-06-19 17:47:10,167 - INFO - Đã lưu dữ liệu và kết thúc ứng dụng
2026-06-19 17:47:22,382 - INFO - Khởi động ứng dụng
2026-06-19 17:47:22,392 - INFO - Đã tải dữ liệu thành công
2026-06-19 17:47:28,019 - INFO - Đã lưu dữ liệu và kết thúc ứng dụng
2026-06-19 17:47:35,438 - INFO - Khởi động ứng dụng
2026-06-19 17:47:35,441 - INFO - Đã tải dữ liệu thành công
2026-06-19 17:51:20,682 - INFO - Đã lưu dữ liệu và kết thúc ứng dụng
2026-06-19 17:51:22,665 - INFO - Khởi động ứng dụng
2026-06-19 17:51:22,666 - INFO - Đã tải dữ liệu thành công
2026-06-19 17:52:20,090 - INFO - Đã lưu dữ liệu và kết thúc ứng dụng
2026-06-19 17:56:43,579 - INFO - Khởi động ứng dụng
2026-06-19 17:56:43,593 - INFO - Đã tải dữ liệu thành công
2026-06-19 17:59:46,903 - INFO - Mở cửa sổ thêm sách mới
2026-06-19 17:59:51,184 - INFO - Mở cửa sổ thêm sách mới
2026-06-19 18:03:26,578 - INFO - Thêm sách: S202
2026-06-19 18:03:53,383 - INFO - Mở cửa sổ thêm sách mới
2026-06-19 18:04:29,390 - INFO - Thêm sách: S203
2026-06-19 18:05:14,939 - INFO - Mở cửa sổ cập nhật sách
2026-06-19 18:05:44,616 - INFO - Mở cửa sổ cập nhật sách
2026-06-19 18:09:52,606 - INFO - Cập nhật sách: S198
2026-06-19 18:10:00,800 - INFO - Mở cửa sổ cập nhật sách
2026-06-19 18:10:08,596 - INFO - Cập nhật sách: S198
2026-06-19 18:12:29,606 - INFO - Mở cửa sổ cập nhật sách
2026-06-19 18:15:27,025 - INFO - Mở cửa sổ tìm kiếm sách
2026-06-19 19:01:59,843 - INFO - Mở cửa sổ thêm bạn đọc mới
2026-06-19 19:05:35,565 - INFO - Đã lưu dữ liệu và kết thúc ứng dụng
2026-06-19 19:05:40,502 - INFO - Khởi động ứng dụng
2026-06-19 19:05:40,504 - INFO - Đã tải dữ liệu thành công
2026-06-19 19:05:54,393 - INFO - Mở cửa sổ thêm bạn đọc mới
2026-06-19 19:06:29,469 - INFO - Thêm bạn đọc: BD051
2026-06-19 20:00:08,480 - INFO - Đã lưu dữ liệu và kết thúc ứng dụng
2026-06-19 21:11:22,782 - INFO - Khởi động ứng dụng
2026-06-19 21:11:22,808 - INFO - Đã tải dữ liệu thành công
2026-06-19 21:11:45,236 - INFO - Mở cửa sổ thêm bạn đọc mới
2026-06-19 21:11:49,340 - INFO - Mở cửa sổ cập nhật bạn đọc
2026-06-19 21:13:06,584 - INFO - Cập nhật bạn đọc: BD001
2026-06-19 21:13:41,630 - INFO - Mở cửa sổ cập nhật bạn đọc
2026-06-19 21:13:57,784 - INFO - Mở cửa sổ tìm kiếm bạn đọc
2026-06-19 21:17:27,105 - INFO - Mở cửa sổ mượn sách
2026-06-19 21:37:02,666 - INFO - Mở cửa sổ mượn sách
2026-06-19 21:38:52,893 - INFO - Mượn sách S200 bởi BD027
2026-06-19 21:39:27,619 - INFO - Mở cửa sổ trả sách
2026-06-19 21:39:39,068 - INFO - Mở cửa sổ mượn sách
2026-06-19 21:39:53,620 - INFO - Mượn sách S199 bởi BD001
2026-06-19 21:39:56,665 - INFO - Mở cửa sổ mượn sách
2026-06-19 21:40:07,710 - INFO - Mượn sách S193 bởi BD001
2026-06-19 21:40:11,648 - INFO - Mở cửa sổ mượn sách
2026-06-19 21:40:58,660 - INFO - Mở cửa sổ xem lịch sử mượn/trả
2026-06-19 21:41:02,740 - INFO - Mở cửa sổ trả sách
2026-06-19 21:41:10,612 - INFO - Đã lưu dữ liệu và kết thúc ứng dụng
2026-06-19 21:42:38,595 - INFO - Khởi động ứng dụng
2026-06-19 21:42:38,617 - INFO - Đã tải dữ liệu thành công
2026-06-19 21:42:45,200 - INFO - Mở cửa sổ mượn sách
2026-06-19 21:43:02,458 - INFO - Mở cửa sổ trả sách
2026-06-19 21:43:13,213 - INFO - Trả sách S199 bởi BD002
2026-06-19 21:43:21,039 - INFO - Mở cửa sổ mượn sách
2026-06-19 21:44:25,005 - INFO - Mở cửa sổ mượn sách
2026-06-19 21:44:39,797 - INFO - Mượn sách S031 bởi BD038
2026-06-19 21:44:42,593 - INFO - Mở cửa sổ mượn sách
2026-06-19 21:45:21,139 - INFO - Mượn sách S031 bởi BD040
2026-06-19 21:45:25,912 - INFO - Mở cửa sổ mượn sách
2026-06-19 21:47:04,257 - INFO - Mở cửa sổ trả sách
2026-06-19 21:48:21,161 - INFO - Trả sách S005 bởi BD005
2026-06-19 21:48:34,925 - INFO - Trả sách S100 bởi BD001
2026-06-19 21:49:21,529 - INFO - Trả sách S101 bởi BD001
2026-06-19 21:50:02,299 - INFO - Mở cửa sổ trả sách
2026-06-19 21:51:01,413 - INFO - Mở cửa sổ xem lịch sử mượn/trả
2026-06-19 21:52:36,037 - INFO - Mở cửa sổ xem lịch sử mượn/trả
2026-06-19 22:12:42,482 - INFO - Mở cửa sổ danh sách sách quá hạn
2026-06-19 22:18:31,616 - INFO - Đã lưu dữ liệu và kết thúc ứng dụng
2026-06-19 22:18:40,101 - INFO - Khởi động ứng dụng
2026-06-19 22:18:40,112 - INFO - Đã tải dữ liệu thành công
2026-06-19 22:18:44,090 - INFO - Mở cửa sổ danh sách sách quá hạn
2026-06-19 22:19:50,878 - INFO - Đã lưu dữ liệu và kết thúc ứng dụng
2026-06-19 22:19:52,667 - INFO - Khởi động ứng dụng
2026-06-19 22:19:52,674 - INFO - Đã tải dữ liệu thành công
2026-06-19 22:19:55,492 - INFO - Mở cửa sổ danh sách sách quá hạn
2026-06-19 22:27:12,935 - INFO - Đã lưu dữ liệu và kết thúc ứng dụng
2026-06-19 22:27:22,304 - INFO - Khởi động ứng dụng
2026-06-19 22:27:22,310 - INFO - Đã tải dữ liệu thành công
2026-06-19 22:27:25,296 - INFO - Mở cửa sổ danh sách sách quá hạn
2026-06-19 22:31:05,839 - INFO - Đã lưu dữ liệu và kết thúc ứng dụng
2026-06-19 22:31:07,862 - INFO - Khởi động ứng dụng
2026-06-19 22:31:07,868 - INFO - Đã tải dữ liệu thành công
2026-06-19 22:31:11,761 - INFO - Mở cửa sổ danh sách sách quá hạn
2026-06-19 22:32:04,568 - INFO - Mở cửa sổ danh sách sách quá hạn
2026-06-19 22:34:27,848 - INFO - Mở cửa sổ trả sách
2026-06-19 22:35:16,757 - INFO - Đã lưu dữ liệu và kết thúc ứng dụng
2026-06-19 22:35:18,747 - INFO - Khởi động ứng dụng
2026-06-19 22:35:18,754 - INFO - Đã tải dữ liệu thành công
2026-06-19 22:35:21,863 - INFO - Mở cửa sổ trả sách
2026-06-19 22:35:30,535 - INFO - Đã lưu dữ liệu và kết thúc ứng dụng
2026-06-19 22:36:14,720 - INFO - Khởi động ứng dụng
2026-06-19 22:36:14,729 - INFO - Đã tải dữ liệu thành công
2026-06-19 22:36:17,433 - INFO - Mở cửa sổ danh sách sách quá hạn
2026-06-19 22:36:28,984 - INFO - Đã lưu dữ liệu và kết thúc ứng dụng
2026-06-19 22:37:43,254 - INFO - Khởi động ứng dụng
2026-06-19 22:37:43,263 - INFO - Đã tải dữ liệu thành công
2026-06-19 22:37:46,331 - INFO - Mở cửa sổ trả sách
2026-06-19 22:37:52,729 - INFO - Trả sách S200 bởi BD001
2026-06-19 22:38:05,509 - INFO - Mở cửa sổ trả sách
2026-06-19 22:38:10,713 - INFO - Trả sách S001 bởi BD002
2026-06-19 22:38:21,180 - INFO - Đã lưu dữ liệu và kết thúc ứng dụng
2026-06-19 23:33:30,865 - INFO - Khởi động ứng dụng
2026-06-19 23:33:30,865 - INFO - Đã tải dữ liệu thành công
2026-06-19 23:33:35,492 - INFO - Mở cửa sổ danh sách sách quá hạn
2026-06-19 23:43:52,347 - INFO - Mở cửa sổ tìm kiếm sách
2026-06-20 00:04:10,608 - INFO - Mở cửa sổ tìm kiếm bạn đọc
2026-06-20 00:36:34,010 - INFO - Mở cửa sổ trả sách
2026-06-20 00:36:57,837 - INFO - Mở cửa sổ trả sách
2026-06-20 01:35:16,829 - INFO - Đã lưu dữ liệu và kết thúc ứng dụng
