2026-06-18 00:02:21,742 - INFO - Khởi động ứng dụng
2026-06-18 00:02:21,749 - INFO - Đã tải dữ liệu thành công
2026-06-18 00:02:24,063 - INFO - Đã lưu dữ liệu và kết thúc ứng dụng
2026-06-18 00:11:58,309 - INFO - Khởi động ứng dụng
2026-06-18 00:11:58,316 - INFO - Đã tải dữ liệu thành công
2026-06-18 00:12:15,706 - INFO - Đã lưu dữ liệu và kết thúc ứng dụng
2026-06-18 08:45:44,297 - INFO - Khởi động ứng dụng
2026-06-18 08:45:44,303 - INFO - Đã tải dữ liệu thành công
2026-06-18 08:45:47,156 - INFO - Đã lưu dữ liệu và kết thúc ứng dụng
2026-06-18 09:09:10,156 - INFO - Khởi động ứng dụng
2026-06-18 09:09:10,165 - INFO - Đã tải dữ liệu thành công
2026-06-18 09:11:06,449 - INFO - Khởi động ứng dụng
2026-06-18 09:11:06,449 - INFO - Đã tải dữ liệu thành công
2026-06-18 09:11:24,927 - INFO - Đã lưu dữ liệu và kết thúc ứng dụng
2026-06-18 09:11:28,327 - INFO - Khởi động ứng dụng
2026-06-18 09:11:28,330 - INFO - Đã tải dữ liệu thành công
2026-06-18 09:11:36,990 - INFO - Đã lưu dữ liệu và kết thúc ứng dụng
2026-06-18 09:11:48,480 - INFO - Khởi động ứng dụng
2026-06-18 09:11:48,483 - INFO - Đã tải dữ liệu thành công
2026-06-18 09:12:35,752 - INFO - Khởi động ứng dụng
2026-06-18 09:12:35,759 - INFO - Đã tải dữ liệu thành công
2026-06-18 09:12:47,439 - INFO - Đã lưu dữ liệu và kết thúc ứng dụng
2026-06-18 09:12:56,942 - INFO - Khởi động ứng dụng
2026-06-18 09:12:56,952 - INFO - Đã tải dữ liệu thành công
2026-06-18 09:13:01,588 - INFO - Đã lưu dữ liệu và kết thúc ứng dụng
2026-06-18 09:13:11,367 - INFO - Khởi động ứng dụng
2026-06-18 09:13:11,377 - INFO - Đã tải dữ liệu thành công
2026-06-18 09:14:06,163 - INFO - Đã lưu dữ liệu và kết thúc ứng dụng
2026-06-18 09:14:17,183 - INFO - Khởi động ứng dụng
2026-06-18 09:14:17,189 - INFO - Đã tải dữ liệu thành công
2026-06-18 09:14:40,345 - INFO - Đã lưu dữ liệu và kết thúc ứng dụng
2026-06-18 09:14:45,357 - INFO - Khởi động ứng dụng
2026-06-18 09:14:45,357 - INFO - Đã tải dữ liệu thành công
2026-06-18 09:14:56,344 - INFO - Đã lưu dữ liệu và kết thúc ứng dụng
2026-06-18 09:15:07,550 - INFO - Khởi động ứng dụng
2026-06-18 09:15:07,555 - INFO - Đã tải dữ liệu thành công
2026-06-18 09:15:28,169 - INFO - Đã lưu dữ liệu và kết thúc ứng dụng
2026-06-18 09:15:31,494 - INFO - Khởi động ứng dụng
2026-06-18 09:15:31,499 - INFO - Đã tải dữ liệu thành công
2026-06-18 09:19:11,850 - INFO - Khởi động ứng dụng
2026-06-18 09:19:11,857 - INFO - Đã tải dữ liệu thành công
2026-06-18 09:19:15,622 - INFO - Mở cửa sổ xem lịch sử mượn/trả
2026-06-18 09:19:23,599 - INFO - Mở cửa sổ danh sách sách quá hạn
2026-06-18 09:20:56,256 - INFO - Đã lưu dữ liệu và kết thúc ứng dụng
2026-06-18 09:24:03,525 - INFO - Khởi động ứng dụng
2026-06-18 09:24:03,540 - INFO - Đã tải dữ liệu thành công
2026-06-18 10:41:46,094 - INFO - Đã lưu dữ liệu và kết thúc ứng dụng
2026-06-18 10:50:56,294 - INFO - Khởi động ứng dụng
2026-06-18 10:50:56,304 - INFO - Đã tải dữ liệu thành công
2026-06-18 10:56:28,511 - INFO - Mở cửa sổ tìm kiếm bạn đọc
2026-06-18 10:57:52,288 - INFO - Mở cửa sổ tìm kiếm bạn đọc
2026-06-18 13:44:02,982 - INFO - Khởi động ứng dụng
2026-06-18 13:44:02,986 - INFO - Đã tải dữ liệu thành công
2026-06-18 13:52:18,439 - INFO - Mở cửa sổ thêm sách mới
2026-06-18 13:52:26,398 - INFO - Đã lưu dữ liệu và kết thúc ứng dụng
2026-06-18 13:53:42,383 - INFO - Khởi động ứng dụng
2026-06-18 13:53:42,386 - INFO - Đã tải dữ liệu thành công
2026-06-18 13:53:42,687 - ERROR - Lỗi không mong muốn: name 'date' is not defined
Traceback (most recent call last):
  File "c:\HỆ THỐNG QUẢN LÝ THƯ VIỆN\main.py", line 13, in <module>
    app = gui.LibraryManagementSystem(root)
          ^^^^^^^^^^^^^^^^^^^^^^^^^^^^^^^^^
  File "c:\HỆ THỐNG QUẢN LÝ THƯ VIỆN\gui.py", line 122, in __init__
    self.check_and_update_overdue_books()
  File "c:\HỆ THỐNG QUẢN LÝ THƯ VIỆN\gui.py", line 1106, in check_and_update_overdue_books
    today = date.today()
            ^^^^
NameError: name 'date' is not defined
2026-06-18 13:55:25,238 - INFO - Khởi động ứng dụng
2026-06-18 13:55:25,253 - INFO - Đã tải dữ liệu thành công
2026-06-18 13:55:27,392 - INFO - Đã lưu dữ liệu và kết thúc ứng dụng
2026-06-18 14:03:38,920 - INFO - Khởi động ứng dụng
2026-06-18 14:03:38,923 - INFO - Đã tải dữ liệu thành công
2026-06-18 14:03:38,993 - ERROR - Lỗi không mong muốn: name 'gui' is not defined
Traceback (most recent call last):
  File "c:\HỆ THỐNG QUẢN LÝ THƯ VIỆN\main.py", line 12, in <module>
    app = gui.LibraryManagementSystem(root)
          ^^^
NameError: name 'gui' is not defined
2026-06-18 14:03:48,934 - INFO - Khởi động ứng dụng
2026-06-18 14:03:48,934 - INFO - Đã tải dữ liệu thành công
2026-06-18 14:03:50,908 - INFO - Đã lưu dữ liệu và kết thúc ứng dụng
2026-06-18 16:08:12,546 - INFO - Khởi động ứng dụng
2026-06-18 16:08:12,550 - INFO - Đã tải dữ liệu thành công
2026-06-18 16:08:12,760 - ERROR - Lỗi không mong muốn: module 'gui' has no attribute 'LibraryManagementSystem'
Traceback (most recent call last):
  File "c:\HỆ THỐNG QUẢN LÝ THƯ VIỆN\main.py", line 13, in <module>
    app = gui.LibraryManagementSystem(root)
          ^^^^^^^^^^^^^^^^^^^^^^^^^^^
AttributeError: module 'gui' has no attribute 'LibraryManagementSystem'
2026-06-18 16:10:35,723 - INFO - Khởi động ứng dụng
2026-06-18 16:10:35,728 - INFO - Đã tải dữ liệu thành công
2026-06-18 16:10:45,243 - INFO - Đã lưu dữ liệu và kết thúc ứng dụng
2026-06-18 16:14:10,862 - INFO - Khởi động ứng dụng
2026-06-18 16:14:10,868 - INFO - Đã tải dữ liệu thành công
2026-06-18 16:14:16,153 - INFO - Đã lưu dữ liệu và kết thúc ứng dụng
2026-06-18 16:18:36,846 - INFO - Khởi động ứng dụng
2026-06-18 16:18:36,855 - INFO - Đã tải dữ liệu thành công
2026-06-18 16:18:39,034 - INFO - Mở cửa sổ thêm sách mới
2026-06-18 16:25:20,515 - INFO - Khởi động ứng dụng
2026-06-18 16:25:20,520 - INFO - Đã tải dữ liệu thành công
2026-06-18 16:25:24,164 - INFO - Mở cửa sổ thêm sách mới
2026-06-18 16:25:59,815 - INFO - Thêm sách: S200
2026-06-18 16:30:09,239 - INFO - Đã lưu dữ liệu và kết thúc ứng dụng
2026-06-18 16:37:39,394 - INFO - Khởi động ứng dụng
2026-06-18 16:37:39,397 - INFO - Đã tải dữ liệu thành công
2026-06-18 16:37:42,750 - INFO - Mở cửa sổ danh sách sách quá hạn
2026-06-18 16:38:00,306 - INFO - Mở cửa sổ xem lịch sử mượn/trả
2026-06-18 16:38:21,077 - INFO - Mở cửa sổ trả sách
2026-06-18 16:38:49,143 - INFO - Trả sách S004 bởi BD004
2026-06-18 16:38:54,855 - INFO - Mở cửa sổ mượn sách
2026-06-18 16:41:59,812 - INFO - Đã lưu dữ liệu và kết thúc ứng dụng
2026-06-18 16:42:33,804 - INFO - Khởi động ứng dụng
2026-06-18 16:42:33,805 - INFO - Đã tải dữ liệu thành công
2026-06-18 16:42:37,506 - INFO - Mở cửa sổ mượn sách
2026-06-18 16:42:46,461 - INFO - Mượn sách S198 bởi BD004
2026-06-18 16:42:51,511 - INFO - Mở cửa sổ thêm bạn đọc mới
2026-06-18 16:43:22,375 - INFO - Thêm bạn đọc: BD051
2026-06-18 16:43:32,301 - INFO - Mở cửa sổ cập nhật bạn đọc
2026-06-18 16:43:38,449 - INFO - Mở cửa sổ cập nhật bạn đọc
2026-06-18 16:43:46,077 - INFO - Cập nhật bạn đọc: BD050
2026-06-18 16:43:49,167 - INFO - Mở cửa sổ tìm kiếm bạn đọc
2026-06-18 16:45:51,155 - INFO - Mở cửa sổ cập nhật sách
2026-06-18 16:46:20,053 - INFO - Cập nhật sách: S186
2026-06-18 16:46:25,909 - INFO - Mở cửa sổ cập nhật sách
2026-06-18 16:46:40,992 - INFO - Cập nhật sách: S126
2026-06-18 16:46:47,011 - INFO - Mở cửa sổ cập nhật sách
2026-06-18 16:47:25,159 - INFO - Cập nhật sách: S046
2026-06-18 16:47:31,698 - INFO - Mở cửa sổ cập nhật sách
2026-06-18 16:47:53,550 - INFO - Cập nhật sách: S166
2026-06-18 16:47:58,791 - INFO - Mở cửa sổ cập nhật sách
2026-06-18 16:48:21,137 - INFO - Cập nhật sách: S086
2026-06-18 16:48:26,212 - INFO - Mở cửa sổ cập nhật sách
2026-06-18 16:48:48,855 - INFO - Cập nhật sách: S106
2026-06-18 16:48:53,529 - INFO - Mở cửa sổ cập nhật sách
2026-06-18 16:48:57,224 - INFO - Mở cửa sổ cập nhật sách
2026-06-18 16:49:13,188 - INFO - Cập nhật sách: S026
2026-06-18 16:49:18,211 - INFO - Mở cửa sổ cập nhật sách
2026-06-18 16:49:33,918 - INFO - Cập nhật sách: S146
2026-06-18 16:49:38,894 - INFO - Mở cửa sổ cập nhật sách
2026-06-18 16:49:57,896 - INFO - Cập nhật sách: S066
2026-06-18 16:50:10,110 - INFO - Mở cửa sổ cập nhật sách
2026-06-18 16:50:25,564 - INFO - Cập nhật sách: S120
2026-06-18 16:50:31,157 - INFO - Mở cửa sổ cập nhật sách
2026-06-18 16:50:35,894 - INFO - Cập nhật sách: S040
2026-06-18 16:50:43,691 - INFO - Mở cửa sổ cập nhật sách
2026-06-18 16:50:50,874 - INFO - Cập nhật sách: S160
2026-06-18 16:51:19,580 - INFO - Mở cửa sổ cập nhật sách
2026-06-18 16:51:36,943 - INFO - Cập nhật sách: S187
2026-06-18 16:51:42,713 - INFO - Mở cửa sổ cập nhật sách
2026-06-18 16:52:02,990 - INFO - Cập nhật sách: S127
2026-06-18 16:52:10,565 - INFO - Mở cửa sổ cập nhật sách
2026-06-18 16:52:28,876 - INFO - Cập nhật sách: S128
2026-06-18 16:52:36,169 - INFO - Mở cửa sổ cập nhật sách
2026-06-18 16:52:55,559 - INFO - Cập nhật sách: S129
2026-06-18 16:53:02,934 - INFO - Mở cửa sổ cập nhật sách
2026-06-18 16:53:26,429 - INFO - Cập nhật sách: S048
2026-06-18 16:53:33,800 - INFO - Mở cửa sổ cập nhật sách
2026-06-18 16:53:52,920 - INFO - Cập nhật sách: S049
2026-06-18 16:54:00,414 - INFO - Mở cửa sổ cập nhật sách
2026-06-18 16:54:19,510 - INFO - Cập nhật sách: S167
2026-06-18 16:54:25,654 - INFO - Mở cửa sổ cập nhật sách
2026-06-18 16:54:45,186 - INFO - Cập nhật sách: S087
2026-06-18 16:54:53,523 - INFO - Mở cửa sổ cập nhật sách
2026-06-18 16:55:10,636 - INFO - Cập nhật sách: S168
2026-06-18 16:55:17,208 - INFO - Mở cửa sổ cập nhật sách
2026-06-18 16:55:34,090 - INFO - Cập nhật sách: S169
2026-06-18 16:55:47,155 - INFO - Mở cửa sổ cập nhật sách
2026-06-18 16:56:10,691 - INFO - Cập nhật sách: S156
2026-06-18 16:56:16,076 - INFO - Mở cửa sổ cập nhật sách
2026-06-18 16:56:37,036 - INFO - Cập nhật sách: S016
2026-06-18 16:56:43,221 - INFO - Mở cửa sổ cập nhật sách
2026-06-18 16:57:02,547 - INFO - Cập nhật sách: S136
2026-06-18 16:57:09,075 - INFO - Mở cửa sổ cập nhật sách
2026-06-18 16:57:22,072 - INFO - Cập nhật sách: S056
2026-06-18 16:57:28,010 - INFO - Mở cửa sổ cập nhật sách
2026-06-18 16:57:53,370 - INFO - Cập nhật sách: S096
2026-06-18 16:57:59,849 - INFO - Mở cửa sổ cập nhật sách
2026-06-18 16:58:26,810 - INFO - Cập nhật sách: S116
2026-06-18 16:59:12,378 - INFO - Mở cửa sổ cập nhật sách
2026-06-18 16:59:22,526 - INFO - Cập nhật sách: S199
2026-06-18 16:59:33,103 - INFO - Đã lưu dữ liệu và kết thúc ứng dụng
2026-06-18 17:07:15,974 - INFO - Khởi động ứng dụng
2026-06-18 17:07:15,982 - INFO - Đã tải dữ liệu thành công
2026-06-18 17:07:18,351 - INFO - Mở cửa sổ thêm sách mới
2026-06-18 17:08:27,308 - INFO - Thêm sách: S201
2026-06-18 17:09:42,894 - INFO - Mở cửa sổ cập nhật sách
2026-06-18 17:09:46,751 - INFO - Cập nhật sách: S042
2026-06-18 17:09:52,004 - INFO - Mở cửa sổ mượn sách
2026-06-18 17:10:03,914 - INFO - Mượn sách S200 bởi BD005
2026-06-18 17:10:07,201 - INFO - Mở cửa sổ xem lịch sử mượn/trả
2026-06-18 17:10:12,975 - INFO - Mở cửa sổ danh sách sách quá hạn
2026-06-18 17:10:20,274 - INFO - Đã lưu dữ liệu và kết thúc ứng dụng
2026-06-18 17:11:32,314 - INFO - Khởi động ứng dụng
2026-06-18 17:11:32,321 - INFO - Đã tải dữ liệu thành công
2026-06-18 17:11:37,567 - INFO - Mở cửa sổ mượn sách
2026-06-18 17:12:00,997 - INFO - Mượn sách S001 bởi BD015
2026-06-18 17:12:04,635 - INFO - Mở cửa sổ mượn sách
2026-06-18 17:12:13,203 - INFO - Mượn sách S010 bởi BD015
2026-06-18 17:12:18,291 - INFO - Mở cửa sổ mượn sách
2026-06-18 17:12:28,713 - INFO - Mượn sách S016 bởi BD015
2026-06-18 17:12:32,216 - INFO - Mở cửa sổ mượn sách
2026-06-18 17:12:43,649 - INFO - Mượn sách S010 bởi BD023
2026-06-18 17:12:47,467 - INFO - Mở cửa sổ mượn sách
2026-06-18 17:13:09,218 - INFO - Mượn sách S015 bởi BD050
2026-06-18 17:13:22,803 - INFO - Mở cửa sổ mượn sách
2026-06-18 17:13:30,787 - INFO - Mượn sách S100 bởi BD001
2026-06-18 17:13:33,491 - INFO - Mở cửa sổ mượn sách
2026-06-18 17:13:40,830 - INFO - Mượn sách S200 bởi BD001
2026-06-18 17:13:44,475 - INFO - Mở cửa sổ xem lịch sử mượn/trả
2026-06-18 17:13:50,737 - INFO - Mở cửa sổ mượn sách
2026-06-18 17:13:59,528 - INFO - Mượn sách S201 bởi BD001
2026-06-18 17:14:02,743 - INFO - Mở cửa sổ mượn sách
2026-06-18 17:14:17,059 - INFO - Mượn sách S101 bởi BD001
2026-06-18 17:14:19,707 - INFO - Mở cửa sổ mượn sách
2026-06-18 17:14:28,910 - INFO - Mượn sách S105 bởi BD001
2026-06-18 17:14:32,083 - INFO - Mở cửa sổ mượn sách
2026-06-18 17:14:42,797 - INFO - Mượn sách S167 bởi BD001
2026-06-18 17:14:45,608 - INFO - Mở cửa sổ mượn sách
2026-06-18 17:14:53,624 - INFO - Mượn sách S126 bởi BD001
2026-06-18 17:14:56,737 - INFO - Mở cửa sổ mượn sách
2026-06-18 17:15:05,789 - INFO - Mượn sách S156 bởi BD001
2026-06-18 17:15:08,151 - INFO - Mở cửa sổ mượn sách
2026-06-18 17:15:28,470 - INFO - Đã lưu dữ liệu và kết thúc ứng dụng
2026-06-18 17:16:31,491 - INFO - Khởi động ứng dụng
2026-06-18 17:16:31,496 - INFO - Đã tải dữ liệu thành công
2026-06-18 17:16:34,803 - INFO - Mở cửa sổ xem lịch sử mượn/trả
2026-06-18 17:16:50,663 - INFO - Đã lưu dữ liệu và kết thúc ứng dụng
2026-06-18 17:17:41,544 - INFO - Khởi động ứng dụng
2026-06-18 17:17:41,550 - INFO - Đã tải dữ liệu thành công
2026-06-18 17:17:44,614 - INFO - Mở cửa sổ xem lịch sử mượn/trả
2026-06-18 17:18:23,902 - INFO - Đã lưu dữ liệu và kết thúc ứng dụng
2026-06-18 17:18:56,365 - INFO - Khởi động ứng dụng
2026-06-18 17:18:56,371 - INFO - Đã tải dữ liệu thành công
2026-06-18 17:19:02,957 - INFO - Mở cửa sổ thêm sách mới
2026-06-18 17:19:46,664 - INFO - Thêm sách: S202
2026-06-18 17:20:22,123 - INFO - Đã lưu dữ liệu và kết thúc ứng dụng
2026-06-18 17:20:25,867 - INFO - Khởi động ứng dụng
2026-06-18 17:20:25,875 - INFO - Đã tải dữ liệu thành công
2026-06-18 17:20:28,115 - INFO - Mở cửa sổ thêm sách mới
2026-06-18 17:21:00,028 - INFO - Mở cửa sổ thêm sách mới
2026-06-18 17:21:59,816 - INFO - Thêm sách: S203
2026-06-18 17:23:37,054 - INFO - Mở cửa sổ thêm sách mới
2026-06-18 17:25:57,732 - INFO - Mở cửa sổ thêm sách mới
2026-06-18 17:29:23,656 - INFO - Mở cửa sổ cập nhật sách
2026-06-18 17:29:33,039 - INFO - Mở cửa sổ cập nhật sách
2026-06-18 17:29:45,350 - INFO - Cập nhật sách: S199
2026-06-18 17:31:40,443 - INFO - Mở cửa sổ cập nhật sách
2026-06-18 17:33:34,884 - INFO - Mở cửa sổ cập nhật sách
2026-06-18 17:33:37,214 - INFO - Mở cửa sổ tìm kiếm sách
2026-06-18 17:33:57,785 - INFO - Mở cửa sổ cập nhật sách
2026-06-18 17:34:59,466 - INFO - Mở cửa sổ tìm kiếm sách
2026-06-18 17:42:39,827 - INFO - Đã lưu dữ liệu và kết thúc ứng dụng
2026-06-18 17:42:44,922 - INFO - Khởi động ứng dụng
2026-06-18 17:42:44,926 - INFO - Đã tải dữ liệu thành công
2026-06-18 17:42:47,427 - INFO - Mở cửa sổ cập nhật sách
2026-06-18 17:42:58,718 - INFO - Mở cửa sổ cập nhật sách
2026-06-18 18:03:25,374 - INFO - Mở cửa sổ thêm bạn đọc mới
2026-06-18 18:03:53,181 - INFO - Mở cửa sổ thêm bạn đọc mới
2026-06-18 18:09:11,217 - INFO - Thêm bạn đọc: BD051
2026-06-18 18:23:35,566 - INFO - Đã lưu dữ liệu và kết thúc ứng dụng
2026-06-18 18:29:15,760 - INFO - Khởi động ứng dụng
2026-06-18 18:29:15,766 - INFO - Đã tải dữ liệu thành công
2026-06-18 18:30:33,321 - INFO - Mở cửa sổ cập nhật sách
2026-06-18 18:32:12,165 - INFO - Mở cửa sổ thêm sách mới
2026-06-18 18:38:55,693 - INFO - Đã lưu dữ liệu và kết thúc ứng dụng
2026-06-18 18:39:04,764 - INFO - Khởi động ứng dụng
2026-06-18 18:39:04,768 - INFO - Đã tải dữ liệu thành công
2026-06-18 18:39:09,650 - INFO - Mở cửa sổ cập nhật bạn đọc
2026-06-18 18:39:21,727 - INFO - Cập nhật bạn đọc: BD001
2026-06-18 18:39:51,044 - INFO - Mở cửa sổ cập nhật bạn đọc
2026-06-18 18:41:11,403 - INFO - Mở cửa sổ cập nhật bạn đọc
2026-06-18 18:41:56,672 - INFO - Mở cửa sổ tìm kiếm bạn đọc
2026-06-18 18:46:42,250 - INFO - Mở cửa sổ mượn sách
2026-06-18 18:52:05,122 - INFO - Mở cửa sổ xem lịch sử mượn/trả
2026-06-18 18:52:14,792 - INFO - Mở cửa sổ mượn sách
2026-06-18 18:52:48,777 - INFO - Khởi động ứng dụng
2026-06-18 18:52:48,777 - INFO - Đã tải dữ liệu thành công
2026-06-18 18:52:52,711 - INFO - Mở cửa sổ mượn sách
2026-06-18 18:53:40,708 - INFO - Mượn sách S042 bởi BD037
2026-06-18 18:58:54,733 - INFO - Mở cửa sổ trả sách
2026-06-18 18:59:07,111 - INFO - Trả sách S003 bởi BD002
2026-06-18 18:59:17,873 - INFO - Trả sách S004 bởi BD002
2026-06-18 19:00:48,716 - INFO - Trả sách S006 bởi BD002
2026-06-18 19:02:16,165 - INFO - Mở cửa sổ xem lịch sử mượn/trả
2026-06-18 19:03:51,751 - INFO - Mở cửa sổ danh sách sách quá hạn
2026-06-18 19:19:58,872 - INFO - Đã lưu dữ liệu và kết thúc ứng dụng
2026-06-18 21:04:26,326 - INFO - Khởi động ứng dụng
2026-06-18 21:04:26,331 - INFO - Đã tải dữ liệu thành công
2026-06-18 21:05:57,536 - INFO - Mở cửa sổ thêm sách mới
2026-06-18 21:09:24,486 - INFO - Mở cửa sổ cập nhật sách
2026-06-18 21:09:42,836 - INFO - Mở cửa sổ cập nhật sách
2026-06-18 21:10:57,157 - INFO - Mở cửa sổ mượn sách
2026-06-18 21:13:12,501 - INFO - Mở cửa sổ cập nhật sách
2026-06-18 21:13:25,354 - INFO - Mở cửa sổ tìm kiếm sách
2026-06-18 21:14:58,530 - INFO - Mở cửa sổ tìm kiếm sách
2026-06-18 21:16:25,674 - INFO - Mở cửa sổ thêm bạn đọc mới
2026-06-18 21:17:54,907 - INFO - Mở cửa sổ cập nhật bạn đọc
2026-06-18 21:18:01,548 - INFO - Mở cửa sổ cập nhật bạn đọc
2026-06-18 21:18:07,338 - INFO - Mở cửa sổ cập nhật bạn đọc
2026-06-18 21:18:44,519 - INFO - Mở cửa sổ tìm kiếm bạn đọc
2026-06-18 21:20:15,110 - INFO - Mở cửa sổ mượn sách
2026-06-18 21:21:23,327 - INFO - Mượn sách S200 bởi BD002
2026-06-18 21:21:30,044 - INFO - Mở cửa sổ mượn sách
2026-06-18 21:24:30,437 - INFO - Mượn sách S001 bởi BD005
2026-06-18 21:24:45,378 - INFO - Mở cửa sổ mượn sách
2026-06-18 21:26:04,192 - INFO - Mở cửa sổ trả sách
2026-06-18 21:27:03,859 - INFO - Trả sách S156 bởi BD001
2026-06-18 21:28:04,254 - INFO - Mở cửa sổ xem lịch sử mượn/trả
2026-06-18 21:28:49,052 - INFO - Mở cửa sổ danh sách sách quá hạn
2026-06-18 21:30:29,864 - INFO - Đã lưu dữ liệu và kết thúc ứng dụng
2026-06-18 22:18:49,263 - INFO - Khởi động ứng dụng
2026-06-18 22:18:49,266 - ERROR - Lỗi không mong muốn: TrackBook.__init__() missing 1 required positional argument: 'chuc_vu'
Traceback (most recent call last):
  File "c:\HỆ THỐNG QUẢN LÝ THƯ VIỆN\main.py", line 10, in <module>
    data_handler.load_data()
  File "c:\HỆ THỐNG QUẢN LÝ THƯ VIỆN\data_handler.py", line 74, in load_data
    tracking_records = [TrackBook.from_dict(record_data) for record_data in data]
                        ^^^^^^^^^^^^^^^^^^^^^^^^^^^^^^^^
  File "c:\HỆ THỐNG QUẢN LÝ THƯ VIỆN\models.py", line 73, in from_dict
    return cls(**data_dict)
           ^^^^^^^^^^^^^^^^
TypeError: TrackBook.__init__() missing 1 required positional argument: 'chuc_vu'
2026-06-18 22:31:40,366 - INFO - Khởi động ứng dụng
2026-06-18 22:31:40,367 - INFO - Đã tải dữ liệu thành công
2026-06-18 22:31:53,323 - INFO - Đã lưu dữ liệu và kết thúc ứng dụng
2026-06-18 22:37:10,199 - INFO - Khởi động ứng dụng
2026-06-18 22:37:10,205 - INFO - Đã tải dữ liệu thành công
2026-06-18 22:38:05,652 - INFO - Khởi động ứng dụng
2026-06-18 22:38:05,655 - INFO - Đã tải dữ liệu thành công
2026-06-18 22:38:09,765 - INFO - Đã lưu dữ liệu và kết thúc ứng dụng
2026-06-18 22:38:12,048 - INFO - Khởi động ứng dụng
2026-06-18 22:38:12,052 - INFO - Đã tải dữ liệu thành công
2026-06-18 22:38:16,311 - INFO - Đã lưu dữ liệu và kết thúc ứng dụng
2026-06-18 22:41:18,945 - INFO - Khởi động ứng dụng
2026-06-18 22:41:18,948 - INFO - Đã tải dữ liệu thành công
2026-06-18 22:41:26,150 - INFO - Đã lưu dữ liệu và kết thúc ứng dụng
2026-06-18 22:41:54,903 - INFO - Khởi động ứng dụng
2026-06-18 22:41:54,910 - INFO - Đã tải dữ liệu thành công
2026-06-18 22:44:16,470 - INFO - Mở cửa sổ mượn sách
2026-06-18 22:47:04,514 - INFO - Đã lưu dữ liệu và kết thúc ứng dụng
2026-06-18 22:47:06,300 - INFO - Khởi động ứng dụng
2026-06-18 22:47:06,306 - INFO - Đã tải dữ liệu thành công
2026-06-18 22:47:14,567 - INFO - Mở cửa sổ mượn sách
2026-06-18 22:49:11,050 - INFO - Đã lưu dữ liệu và kết thúc ứng dụng
2026-06-18 22:49:14,744 - INFO - Khởi động ứng dụng
2026-06-18 22:49:14,749 - INFO - Đã tải dữ liệu thành công
2026-06-18 22:49:20,018 - INFO - Mở cửa sổ thêm bạn đọc mới
2026-06-18 22:49:27,071 - INFO - Mở cửa sổ cập nhật bạn đọc
2026-06-18 22:49:55,252 - INFO - Mở cửa sổ cập nhật sách
2026-06-18 22:50:02,212 - INFO - Cập nhật sách: S201
2026-06-18 22:51:50,282 - INFO - Đã lưu dữ liệu và kết thúc ứng dụng
2026-06-18 22:58:17,075 - INFO - Khởi động ứng dụng
2026-06-18 22:58:17,075 - INFO - Đã tải dữ liệu thành công
2026-06-18 22:58:20,540 - INFO - Mở cửa sổ danh sách sách quá hạn
2026-06-18 22:58:33,031 - INFO - Đã lưu dữ liệu và kết thúc ứng dụng
2026-06-18 23:02:12,816 - INFO - Khởi động ứng dụng
2026-06-18 23:02:12,818 - INFO - Đã tải dữ liệu thành công
2026-06-18 23:02:15,857 - INFO - Mở cửa sổ danh sách sách quá hạn
2026-06-18 23:02:37,016 - INFO - Đã lưu dữ liệu và kết thúc ứng dụng
2026-06-18 23:04:48,883 - INFO - Khởi động ứng dụng
2026-06-18 23:04:48,889 - INFO - Đã tải dữ liệu thành công
2026-06-18 23:04:52,764 - INFO - Mở cửa sổ xem lịch sử mượn/trả
2026-06-18 23:05:00,523 - INFO - Mở cửa sổ trả sách
2026-06-18 23:07:04,945 - INFO - Khởi động ứng dụng
2026-06-18 23:07:04,950 - INFO - Đã tải dữ liệu thành công
2026-06-18 23:07:08,168 - INFO - Mở cửa sổ xem lịch sử mượn/trả
2026-06-18 23:07:14,150 - INFO - Mở cửa sổ danh sách sách quá hạn
2026-06-18 23:09:21,756 - INFO - Đã lưu dữ liệu và kết thúc ứng dụng
2026-06-18 23:09:24,230 - INFO - Khởi động ứng dụng
2026-06-18 23:09:24,235 - INFO - Đã tải dữ liệu thành công
2026-06-18 23:09:27,231 - INFO - Mở cửa sổ danh sách sách quá hạn
2026-06-18 23:09:41,377 - INFO - Đã lưu dữ liệu và kết thúc ứng dụng
2026-06-18 23:11:14,878 - INFO - Khởi động ứng dụng
2026-06-18 23:11:14,878 - INFO - Đã tải dữ liệu thành công
2026-06-18 23:11:17,685 - INFO - Mở cửa sổ danh sách sách quá hạn
2026-06-18 23:13:57,844 - INFO - Khởi động ứng dụng
2026-06-18 23:13:57,849 - INFO - Đã tải dữ liệu thành công
2026-06-18 23:14:00,594 - INFO - Mở cửa sổ danh sách sách quá hạn
2026-06-18 23:14:03,672 - INFO - Đã lưu dữ liệu và kết thúc ứng dụng
2026-06-18 23:15:08,827 - INFO - Khởi động ứng dụng
2026-06-18 23:15:08,829 - INFO - Đã tải dữ liệu thành công
2026-06-18 23:15:11,430 - INFO - Mở cửa sổ danh sách sách quá hạn
2026-06-18 23:15:25,081 - INFO - Đã lưu dữ liệu và kết thúc ứng dụng
2026-06-18 23:17:00,960 - INFO - Khởi động ứng dụng
2026-06-18 23:17:00,960 - INFO - Đã tải dữ liệu thành công
2026-06-18 23:17:03,464 - INFO - Mở cửa sổ danh sách sách quá hạn
2026-06-18 23:17:40,757 - INFO - Đã lưu dữ liệu và kết thúc ứng dụng
2026-06-18 23:18:39,509 - INFO - Khởi động ứng dụng
2026-06-18 23:18:39,515 - INFO - Đã tải dữ liệu thành công
2026-06-18 23:18:41,851 - INFO - Mở cửa sổ danh sách sách quá hạn
2026-06-18 23:20:27,304 - INFO - Khởi động ứng dụng
2026-06-18 23:20:27,304 - INFO - Đã tải dữ liệu thành công
2026-06-18 23:20:29,571 - INFO - Mở cửa sổ danh sách sách quá hạn
2026-06-18 23:20:32,557 - INFO - Đã lưu dữ liệu và kết thúc ứng dụng
2026-06-18 23:21:16,267 - INFO - Khởi động ứng dụng
2026-06-18 23:21:16,292 - INFO - Đã tải dữ liệu thành công
2026-06-18 23:21:19,899 - INFO - Mở cửa sổ danh sách sách quá hạn
2026-06-18 23:21:31,596 - INFO - Đã lưu dữ liệu và kết thúc ứng dụng
2026-06-18 23:25:53,493 - INFO - Khởi động ứng dụng
2026-06-18 23:25:53,502 - INFO - Đã tải dữ liệu thành công
2026-06-18 23:25:56,814 - INFO - Mở cửa sổ danh sách sách quá hạn
2026-06-18 23:26:07,567 - INFO - Đã lưu dữ liệu và kết thúc ứng dụng
2026-06-18 23:36:28,750 - INFO - Khởi động ứng dụng
2026-06-18 23:36:28,760 - INFO - Đã tải dữ liệu thành công
2026-06-18 23:36:29,364 - ERROR - Lỗi không mong muốn: name 'reader' is not defined
Traceback (most recent call last):
  File "c:\HỆ THỐNG QUẢN LÝ THƯ VIỆN\main.py", line 13, in <module>
    app = gui.LibraryManagementSystem(root)
          ^^^^^^^^^^^^^^^^^^^^^^^^^^^^^^^^^
  File "c:\HỆ THỐNG QUẢN LÝ THƯ VIỆN\gui.py", line 122, in __init__
    self.check_and_update_overdue_books()
  File "c:\HỆ THỐNG QUẢN LÝ THƯ VIỆN\gui.py", line 1107, in check_and_update_overdue_books
    tracking_manager.update_overdue_status()
  File "c:\HỆ THỐNG QUẢN LÝ THƯ VIỆN\tracking_manager.py", line 116, in update_overdue_status
    chuc_vu = reader.chuc_vu if reader else ""
                                ^^^^^^
NameError: name 'reader' is not defined
2026-06-18 23:39:33,234 - INFO - Khởi động ứng dụng
2026-06-18 23:39:33,239 - INFO - Đã tải dữ liệu thành công
2026-06-18 23:39:41,725 - INFO - Mở cửa sổ danh sách sách quá hạn
2026-06-18 23:39:53,016 - INFO - Đã lưu dữ liệu và kết thúc ứng dụng
2026-06-18 23:43:11,052 - INFO - Khởi động ứng dụng
2026-06-18 23:43:11,064 - INFO - Đã tải dữ liệu thành công
2026-06-18 23:43:14,120 - INFO - Mở cửa sổ danh sách sách quá hạn
2026-06-18 23:43:53,347 - INFO - Đã lưu dữ liệu và kết thúc ứng dụng
2026-06-18 23:45:45,126 - INFO - Khởi động ứng dụng
2026-06-18 23:45:45,133 - INFO - Đã tải dữ liệu thành công
2026-06-18 23:45:59,007 - INFO - Mở cửa sổ danh sách sách quá hạn
2026-06-18 23:46:20,869 - INFO - Đã lưu dữ liệu và kết thúc ứng dụng
2026-06-18 23:47:55,754 - INFO - Khởi động ứng dụng
2026-06-18 23:47:55,760 - INFO - Đã tải dữ liệu thành công
2026-06-18 23:52:31,698 - INFO - Đã lưu dữ liệu và kết thúc ứng dụng
2026-06-18 23:52:34,199 - INFO - Khởi động ứng dụng
2026-06-18 23:52:34,213 - INFO - Đã tải dữ liệu thành công
2026-06-18 23:52:56,855 - INFO - Đã lưu dữ liệu và kết thúc ứng dụng
