2026-06-17 08:19:13,116 - INFO - Khởi động ứng dụng
2026-06-17 08:19:13,125 - INFO - Đã tải dữ liệu thành công
2026-06-17 08:19:43,699 - INFO - Đã lưu dữ liệu và kết thúc ứng dụng
2026-06-17 08:19:44,644 - INFO - Khởi động ứng dụng
2026-06-17 08:19:44,649 - INFO - Đã tải dữ liệu thành công
2026-06-17 08:20:05,128 - INFO - Mở cửa sổ danh sách sách quá hạn
2026-06-17 08:26:29,527 - INFO - Đã lưu dữ liệu và kết thúc ứng dụng
2026-06-17 08:26:30,700 - INFO - Khởi động ứng dụng
2026-06-17 08:26:30,708 - INFO - Đã tải dữ liệu thành công
2026-06-17 08:30:25,597 - INFO - Đã lưu dữ liệu và kết thúc ứng dụng
2026-06-17 08:30:26,567 - INFO - Khởi động ứng dụng
2026-06-17 08:30:26,567 - INFO - Đã tải dữ liệu thành công
2026-06-17 08:31:18,066 - INFO - Mở cửa sổ cập nhật sách
2026-06-17 08:31:24,917 - INFO - Cập nhật sách: S013
2026-06-17 08:31:29,558 - INFO - Mở cửa sổ tìm kiếm sách
2026-06-17 08:31:50,782 - INFO - Đã lưu dữ liệu và kết thúc ứng dụng
2026-06-17 08:31:51,619 - INFO - Khởi động ứng dụng
2026-06-17 08:31:51,635 - INFO - Đã tải dữ liệu thành công
2026-06-17 08:31:55,214 - INFO - Đã lưu dữ liệu và kết thúc ứng dụng
2026-06-17 08:31:56,008 - INFO - Khởi động ứng dụng
2026-06-17 08:31:56,008 - INFO - Đã tải dữ liệu thành công
2026-06-17 08:31:58,361 - INFO - Đã lưu dữ liệu và kết thúc ứng dụng
2026-06-17 08:31:59,103 - INFO - Khởi động ứng dụng
2026-06-17 08:31:59,107 - INFO - Đã tải dữ liệu thành công
2026-06-17 08:32:00,836 - INFO - Đã lưu dữ liệu và kết thúc ứng dụng
2026-06-17 08:32:18,233 - INFO - Khởi động ứng dụng
2026-06-17 08:32:18,236 - INFO - Đã tải dữ liệu thành công
2026-06-17 08:32:24,394 - INFO - Đã lưu dữ liệu và kết thúc ứng dụng
2026-06-17 08:32:38,000 - INFO - Khởi động ứng dụng
2026-06-17 08:32:38,008 - INFO - Đã tải dữ liệu thành công
2026-06-17 08:32:48,060 - INFO - Đã lưu dữ liệu và kết thúc ứng dụng
2026-06-17 08:34:40,282 - INFO - Khởi động ứng dụng
2026-06-17 08:34:40,290 - INFO - Đã tải dữ liệu thành công
2026-06-17 08:34:46,441 - INFO - Đã lưu dữ liệu và kết thúc ứng dụng
2026-06-17 08:37:49,759 - INFO - Khởi động ứng dụng
2026-06-17 08:37:49,760 - INFO - Đã tải dữ liệu thành công
2026-06-17 08:38:24,392 - INFO - Khởi động ứng dụng
2026-06-17 08:38:24,398 - INFO - Đã tải dữ liệu thành công
2026-06-17 08:38:29,795 - INFO - Đã lưu dữ liệu và kết thúc ứng dụng
2026-06-17 11:19:00,642 - INFO - Khởi động ứng dụng
2026-06-17 11:19:00,648 - INFO - Đã tải dữ liệu thành công
2026-06-17 11:23:46,401 - INFO - Khởi động ứng dụng
2026-06-17 11:23:46,407 - INFO - Đã tải dữ liệu thành công
2026-06-17 11:24:18,685 - INFO - Khởi động ứng dụng
2026-06-17 11:24:18,685 - INFO - Đã tải dữ liệu thành công
2026-06-17 11:24:36,435 - INFO - Đã lưu dữ liệu và kết thúc ứng dụng
2026-06-17 11:24:50,018 - INFO - Khởi động ứng dụng
2026-06-17 11:24:50,024 - INFO - Đã tải dữ liệu thành công
2026-06-17 11:25:53,385 - INFO - Khởi động ứng dụng
2026-06-17 11:25:53,391 - INFO - Đã tải dữ liệu thành công
2026-06-17 11:26:33,656 - INFO - Khởi động ứng dụng
2026-06-17 11:26:33,666 - INFO - Đã tải dữ liệu thành công
2026-06-17 11:26:40,904 - INFO - Đã lưu dữ liệu và kết thúc ứng dụng
2026-06-17 11:26:41,775 - INFO - Khởi động ứng dụng
2026-06-17 11:26:41,779 - INFO - Đã tải dữ liệu thành công
2026-06-17 11:26:44,408 - INFO - Đã lưu dữ liệu và kết thúc ứng dụng
2026-06-17 11:31:22,926 - INFO - Khởi động ứng dụng
2026-06-17 11:31:22,936 - INFO - Đã tải dữ liệu thành công
2026-06-17 11:34:41,153 - INFO - Khởi động ứng dụng
2026-06-17 11:34:41,158 - INFO - Đã tải dữ liệu thành công
2026-06-17 11:38:21,648 - INFO - Khởi động ứng dụng
2026-06-17 11:38:21,652 - INFO - Đã tải dữ liệu thành công
2026-06-17 11:42:21,061 - INFO - Khởi động ứng dụng
2026-06-17 11:42:21,085 - INFO - Đã tải dữ liệu thành công
2026-06-17 11:42:26,120 - INFO - Đã lưu dữ liệu và kết thúc ứng dụng
2026-06-17 11:43:10,388 - INFO - Khởi động ứng dụng
2026-06-17 11:43:10,398 - INFO - Đã tải dữ liệu thành công
2026-06-17 11:43:13,163 - INFO - Đã lưu dữ liệu và kết thúc ứng dụng
2026-06-17 11:43:46,701 - INFO - Khởi động ứng dụng
2026-06-17 11:43:46,701 - INFO - Đã tải dữ liệu thành công
2026-06-17 11:43:50,568 - INFO - Đã lưu dữ liệu và kết thúc ứng dụng
2026-06-17 11:54:22,069 - INFO - Khởi động ứng dụng
2026-06-17 11:54:22,082 - INFO - Đã tải dữ liệu thành công
2026-06-17 11:54:32,633 - INFO - Đã lưu dữ liệu và kết thúc ứng dụng
2026-06-17 11:55:11,809 - INFO - Khởi động ứng dụng
2026-06-17 11:55:11,816 - INFO - Đã tải dữ liệu thành công
2026-06-17 11:56:09,736 - INFO - Đã lưu dữ liệu và kết thúc ứng dụng
2026-06-17 11:56:25,194 - INFO - Khởi động ứng dụng
2026-06-17 11:56:25,198 - INFO - Đã tải dữ liệu thành công
2026-06-17 11:57:25,307 - INFO - Khởi động ứng dụng
2026-06-17 11:57:25,314 - INFO - Đã tải dữ liệu thành công
2026-06-17 11:57:25,391 - ERROR - Lỗi không mong muốn: Style.__new__() got an unexpected keyword argument 'master'
Traceback (most recent call last):
  File "c:\KỸ THUẬT LẬP TRÌNH\main.py", line 14, in <module>
    style = ttkb.Style(theme="cosmo", master=root)  # vẫn giữ theme cosmo cho ttk widgets
            ^^^^^^^^^^^^^^^^^^^^^^^^^^^^^^^^^^^^^^
TypeError: Style.__new__() got an unexpected keyword argument 'master'
2026-06-17 11:58:35,449 - INFO - Khởi động ứng dụng
2026-06-17 11:58:35,461 - INFO - Đã tải dữ liệu thành công
2026-06-17 11:58:38,299 - INFO - Đã lưu dữ liệu và kết thúc ứng dụng
2026-06-17 11:59:17,613 - INFO - Khởi động ứng dụng
2026-06-17 11:59:17,629 - INFO - Đã tải dữ liệu thành công
2026-06-17 11:59:20,133 - INFO - Đã lưu dữ liệu và kết thúc ứng dụng
2026-06-17 12:01:21,582 - INFO - Khởi động ứng dụng
2026-06-17 12:01:21,585 - INFO - Đã tải dữ liệu thành công
2026-06-17 12:01:24,739 - INFO - Đã lưu dữ liệu và kết thúc ứng dụng
2026-06-17 12:01:48,070 - INFO - Khởi động ứng dụng
2026-06-17 12:01:48,073 - INFO - Đã tải dữ liệu thành công
2026-06-17 12:01:54,736 - INFO - Đã lưu dữ liệu và kết thúc ứng dụng
2026-06-17 12:02:28,660 - INFO - Khởi động ứng dụng
2026-06-17 12:02:28,676 - INFO - Đã tải dữ liệu thành công
2026-06-17 12:02:30,910 - INFO - Đã lưu dữ liệu và kết thúc ứng dụng
2026-06-17 12:02:41,240 - INFO - Khởi động ứng dụng
2026-06-17 12:02:41,252 - INFO - Đã tải dữ liệu thành công
2026-06-17 12:02:46,822 - INFO - Đã lưu dữ liệu và kết thúc ứng dụng
2026-06-17 12:04:31,429 - INFO - Khởi động ứng dụng
2026-06-17 12:04:31,429 - INFO - Đã tải dữ liệu thành công
2026-06-17 12:05:33,699 - INFO - Khởi động ứng dụng
2026-06-17 12:05:33,699 - INFO - Đã tải dữ liệu thành công
2026-06-17 12:06:47,008 - INFO - Đã lưu dữ liệu và kết thúc ứng dụng
2026-06-17 12:06:47,502 - INFO - Khởi động ứng dụng
2026-06-17 12:06:47,502 - INFO - Đã tải dữ liệu thành công
2026-06-17 12:06:52,123 - INFO - Đã lưu dữ liệu và kết thúc ứng dụng
2026-06-17 12:07:34,368 - INFO - Khởi động ứng dụng
2026-06-17 12:07:34,368 - INFO - Đã tải dữ liệu thành công
2026-06-17 12:07:43,668 - INFO - Đã lưu dữ liệu và kết thúc ứng dụng
2026-06-17 12:08:26,261 - INFO - Khởi động ứng dụng
2026-06-17 12:08:26,261 - INFO - Đã tải dữ liệu thành công
2026-06-17 12:08:28,803 - INFO - Đã lưu dữ liệu và kết thúc ứng dụng
2026-06-17 12:08:57,364 - INFO - Khởi động ứng dụng
2026-06-17 12:08:57,370 - INFO - Đã tải dữ liệu thành công
2026-06-17 12:08:57,436 - ERROR - Lỗi không mong muốn: unknown option "-fill"
Traceback (most recent call last):
  File "c:\KỸ THUẬT LẬP TRÌNH\main.py", line 13, in <module>
    app = gui.LibraryManagementSystem(root)
          ^^^^^^^^^^^^^^^^^^^^^^^^^^^^^^^^^
  File "c:\KỸ THUẬT LẬP TRÌNH\gui.py", line 41, in __init__
    center_frame = ttk.Frame(header_frame, style="Header.TFrame", fill='x')
                   ^^^^^^^^^^^^^^^^^^^^^^^^^^^^^^^^^^^^^^^^^^^^^^^^^^^^^^^^
  File "C:\Users\vipcu\AppData\Local\Packages\PythonSoftwareFoundation.Python.3.12_qbz5n2kfra8p0\LocalCache\local-packages\Python312\site-packages\ttkbootstrap\style.py", line 5288, in __init__
    func(self, *args, **kwargs)
  File "C:\Program Files\WindowsApps\PythonSoftwareFoundation.Python.3.12_3.12.2800.0_x64__qbz5n2kfra8p0\Lib\tkinter\ttk.py", line 713, in __init__
    Widget.__init__(self, master, "ttk::frame", kw)
  File "C:\Program Files\WindowsApps\PythonSoftwareFoundation.Python.3.12_3.12.2800.0_x64__qbz5n2kfra8p0\Lib\tkinter\ttk.py", line 527, in __init__
    tkinter.Widget.__init__(self, master, widgetname, kw=kw)
  File "C:\Program Files\WindowsApps\PythonSoftwareFoundation.Python.3.12_3.12.2800.0_x64__qbz5n2kfra8p0\Lib\tkinter\__init__.py", line 2661, in __init__
    self.tk.call(
_tkinter.TclError: unknown option "-fill"
2026-06-17 12:09:24,990 - INFO - Khởi động ứng dụng
2026-06-17 12:09:24,990 - INFO - Đã tải dữ liệu thành công
2026-06-17 12:09:30,692 - INFO - Đã lưu dữ liệu và kết thúc ứng dụng
2026-06-17 12:09:46,259 - INFO - Khởi động ứng dụng
2026-06-17 12:09:46,267 - INFO - Đã tải dữ liệu thành công
2026-06-17 12:09:46,326 - ERROR - Lỗi không mong muốn: unknown option "-fill"
Traceback (most recent call last):
  File "c:\KỸ THUẬT LẬP TRÌNH\main.py", line 13, in <module>
    app = gui.LibraryManagementSystem(root)
          ^^^^^^^^^^^^^^^^^^^^^^^^^^^^^^^^^
  File "c:\KỸ THUẬT LẬP TRÌNH\gui.py", line 41, in __init__
    center_frame = ttk.Frame(header_frame, style="Header.TFrame", fill='x')
                   ^^^^^^^^^^^^^^^^^^^^^^^^^^^^^^^^^^^^^^^^^^^^^^^^^^^^^^^^
  File "C:\Users\vipcu\AppData\Local\Packages\PythonSoftwareFoundation.Python.3.12_qbz5n2kfra8p0\LocalCache\local-packages\Python312\site-packages\ttkbootstrap\style.py", line 5288, in __init__
    func(self, *args, **kwargs)
  File "C:\Program Files\WindowsApps\PythonSoftwareFoundation.Python.3.12_3.12.2800.0_x64__qbz5n2kfra8p0\Lib\tkinter\ttk.py", line 713, in __init__
    Widget.__init__(self, master, "ttk::frame", kw)
  File "C:\Program Files\WindowsApps\PythonSoftwareFoundation.Python.3.12_3.12.2800.0_x64__qbz5n2kfra8p0\Lib\tkinter\ttk.py", line 527, in __init__
    tkinter.Widget.__init__(self, master, widgetname, kw=kw)
  File "C:\Program Files\WindowsApps\PythonSoftwareFoundation.Python.3.12_3.12.2800.0_x64__qbz5n2kfra8p0\Lib\tkinter\__init__.py", line 2661, in __init__
    self.tk.call(
_tkinter.TclError: unknown option "-fill"
2026-06-17 12:10:08,015 - INFO - Khởi động ứng dụng
2026-06-17 12:10:08,015 - INFO - Đã tải dữ liệu thành công
2026-06-17 12:10:08,079 - ERROR - Lỗi không mong muốn: unknown option "-fill"
Traceback (most recent call last):
  File "c:\KỸ THUẬT LẬP TRÌNH\main.py", line 13, in <module>
    app = gui.LibraryManagementSystem(root)
          ^^^^^^^^^^^^^^^^^^^^^^^^^^^^^^^^^
  File "c:\KỸ THUẬT LẬP TRÌNH\gui.py", line 38, in __init__
    header_frame.configure(style="Header.TFrame", fill='x')
  File "C:\Users\vipcu\AppData\Local\Packages\PythonSoftwareFoundation.Python.3.12_qbz5n2kfra8p0\LocalCache\local-packages\Python312\site-packages\ttkbootstrap\style.py", line 5357, in configure
    func(self, cnf, **kwargs)
  File "C:\Program Files\WindowsApps\PythonSoftwareFoundation.Python.3.12_3.12.2800.0_x64__qbz5n2kfra8p0\Lib\tkinter\__init__.py", line 1722, in configure
    return self._configure('configure', cnf, kw)
           ^^^^^^^^^^^^^^^^^^^^^^^^^^^^^^^^^^^^^
  File "C:\Program Files\WindowsApps\PythonSoftwareFoundation.Python.3.12_3.12.2800.0_x64__qbz5n2kfra8p0\Lib\tkinter\__init__.py", line 1712, in _configure
    self.tk.call(_flatten((self._w, cmd)) + self._options(cnf))
_tkinter.TclError: unknown option "-fill"
2026-06-17 12:10:33,353 - INFO - Khởi động ứng dụng
2026-06-17 12:10:33,353 - INFO - Đã tải dữ liệu thành công
2026-06-17 12:10:35,389 - INFO - Khởi động ứng dụng
2026-06-17 12:10:35,389 - INFO - Đã tải dữ liệu thành công
2026-06-17 12:11:46,069 - INFO - Đã lưu dữ liệu và kết thúc ứng dụng
2026-06-17 12:11:55,992 - INFO - Khởi động ứng dụng
2026-06-17 12:11:55,995 - INFO - Đã tải dữ liệu thành công
2026-06-17 12:11:58,116 - INFO - Đã lưu dữ liệu và kết thúc ứng dụng
2026-06-17 12:13:30,281 - INFO - Khởi động ứng dụng
2026-06-17 12:13:30,293 - INFO - Đã tải dữ liệu thành công
2026-06-17 12:13:33,433 - INFO - Đã lưu dữ liệu và kết thúc ứng dụng
2026-06-17 12:14:33,721 - INFO - Khởi động ứng dụng
2026-06-17 12:14:33,725 - INFO - Đã tải dữ liệu thành công
2026-06-17 12:15:19,214 - INFO - Đã lưu dữ liệu và kết thúc ứng dụng
2026-06-17 12:15:27,094 - INFO - Khởi động ứng dụng
2026-06-17 12:15:27,097 - INFO - Đã tải dữ liệu thành công
2026-06-17 12:15:59,093 - INFO - Đã lưu dữ liệu và kết thúc ứng dụng
2026-06-17 12:16:17,549 - INFO - Khởi động ứng dụng
2026-06-17 12:16:17,551 - INFO - Đã tải dữ liệu thành công
2026-06-17 12:17:09,056 - INFO - Khởi động ứng dụng
2026-06-17 12:17:09,056 - INFO - Đã tải dữ liệu thành công
2026-06-17 12:18:33,979 - INFO - Đã lưu dữ liệu và kết thúc ứng dụng
2026-06-17 12:18:44,716 - INFO - Khởi động ứng dụng
2026-06-17 12:18:44,731 - INFO - Đã tải dữ liệu thành công
2026-06-17 12:18:47,360 - INFO - Đã lưu dữ liệu và kết thúc ứng dụng
2026-06-17 12:18:59,129 - INFO - Khởi động ứng dụng
2026-06-17 12:18:59,129 - INFO - Đã tải dữ liệu thành công
2026-06-17 12:19:29,942 - INFO - Khởi động ứng dụng
2026-06-17 12:19:29,947 - INFO - Đã tải dữ liệu thành công
2026-06-17 12:19:34,950 - INFO - Đã lưu dữ liệu và kết thúc ứng dụng
2026-06-17 12:20:32,068 - INFO - Khởi động ứng dụng
2026-06-17 12:20:32,084 - INFO - Đã tải dữ liệu thành công
2026-06-17 12:20:36,555 - INFO - Đã lưu dữ liệu và kết thúc ứng dụng
2026-06-17 12:23:44,741 - INFO - Khởi động ứng dụng
2026-06-17 12:23:44,741 - INFO - Đã tải dữ liệu thành công
2026-06-17 12:23:51,898 - INFO - Đã lưu dữ liệu và kết thúc ứng dụng
2026-06-17 12:24:29,530 - INFO - Khởi động ứng dụng
2026-06-17 12:24:29,530 - INFO - Đã tải dữ liệu thành công
2026-06-17 12:25:24,022 - INFO - Đã lưu dữ liệu và kết thúc ứng dụng
2026-06-17 12:27:59,817 - INFO - Khởi động ứng dụng
2026-06-17 12:27:59,820 - INFO - Đã tải dữ liệu thành công
2026-06-17 12:27:59,883 - ERROR - Lỗi không mong muốn: name 'center_frame' is not defined
Traceback (most recent call last):
  File "c:\KỸ THUẬT LẬP TRÌNH\main.py", line 13, in <module>
    app = gui.LibraryManagementSystem(root)
          ^^^^^^^^^^^^^^^^^^^^^^^^^^^^^^^^^
  File "c:\KỸ THUẬT LẬP TRÌNH\gui.py", line 45, in __init__
    top_row = ttk.Frame(center_frame, style="Header.TFrame")
                        ^^^^^^^^^^^^
NameError: name 'center_frame' is not defined. Did you mean: 'header_frame'?
2026-06-17 12:28:48,504 - INFO - Khởi động ứng dụng
2026-06-17 12:28:48,504 - INFO - Đã tải dữ liệu thành công
2026-06-17 12:28:55,553 - INFO - Đã lưu dữ liệu và kết thúc ứng dụng
2026-06-17 12:29:09,219 - INFO - Khởi động ứng dụng
2026-06-17 12:29:09,228 - INFO - Đã tải dữ liệu thành công
2026-06-17 12:29:24,180 - INFO - Đã lưu dữ liệu và kết thúc ứng dụng
2026-06-17 12:29:46,064 - INFO - Khởi động ứng dụng
2026-06-17 12:29:46,064 - INFO - Đã tải dữ liệu thành công
2026-06-17 12:29:49,474 - INFO - Đã lưu dữ liệu và kết thúc ứng dụng
2026-06-17 12:30:05,366 - INFO - Khởi động ứng dụng
2026-06-17 12:30:05,368 - INFO - Đã tải dữ liệu thành công
2026-06-17 12:30:09,461 - INFO - Đã lưu dữ liệu và kết thúc ứng dụng
2026-06-17 12:30:25,065 - INFO - Khởi động ứng dụng
2026-06-17 12:30:25,080 - INFO - Đã tải dữ liệu thành công
2026-06-17 12:30:28,293 - INFO - Đã lưu dữ liệu và kết thúc ứng dụng
2026-06-17 12:30:40,210 - INFO - Khởi động ứng dụng
2026-06-17 12:30:40,210 - INFO - Đã tải dữ liệu thành công
2026-06-17 12:30:42,322 - INFO - Đã lưu dữ liệu và kết thúc ứng dụng
2026-06-17 12:30:54,227 - INFO - Khởi động ứng dụng
2026-06-17 12:30:54,238 - INFO - Đã tải dữ liệu thành công
2026-06-17 12:31:01,418 - INFO - Đã lưu dữ liệu và kết thúc ứng dụng
2026-06-17 12:31:35,951 - INFO - Khởi động ứng dụng
2026-06-17 12:31:35,954 - INFO - Đã tải dữ liệu thành công
2026-06-17 12:31:43,014 - INFO - Đã lưu dữ liệu và kết thúc ứng dụng
2026-06-17 12:31:57,905 - INFO - Khởi động ứng dụng
2026-06-17 12:31:57,905 - INFO - Đã tải dữ liệu thành công
2026-06-17 12:32:02,317 - INFO - Đã lưu dữ liệu và kết thúc ứng dụng
2026-06-17 12:33:05,054 - INFO - Khởi động ứng dụng
2026-06-17 12:33:05,070 - INFO - Đã tải dữ liệu thành công
2026-06-17 12:33:15,660 - INFO - Đã lưu dữ liệu và kết thúc ứng dụng
2026-06-17 12:33:33,868 - INFO - Khởi động ứng dụng
2026-06-17 12:33:33,884 - INFO - Đã tải dữ liệu thành công
2026-06-17 12:33:36,158 - INFO - Đã lưu dữ liệu và kết thúc ứng dụng
2026-06-17 12:33:47,901 - INFO - Khởi động ứng dụng
2026-06-17 12:33:47,903 - INFO - Đã tải dữ liệu thành công
2026-06-17 12:33:54,066 - INFO - Đã lưu dữ liệu và kết thúc ứng dụng
2026-06-17 12:34:08,617 - INFO - Khởi động ứng dụng
2026-06-17 12:34:08,617 - INFO - Đã tải dữ liệu thành công
2026-06-17 12:34:21,183 - INFO - Đã lưu dữ liệu và kết thúc ứng dụng
2026-06-17 12:35:44,833 - INFO - Khởi động ứng dụng
2026-06-17 12:35:44,833 - INFO - Đã tải dữ liệu thành công
2026-06-17 12:35:47,539 - INFO - Đã lưu dữ liệu và kết thúc ứng dụng
2026-06-17 12:35:56,045 - INFO - Khởi động ứng dụng
2026-06-17 12:35:56,047 - INFO - Đã tải dữ liệu thành công
2026-06-17 12:35:59,776 - INFO - Đã lưu dữ liệu và kết thúc ứng dụng
2026-06-17 12:36:15,216 - INFO - Khởi động ứng dụng
2026-06-17 12:36:15,218 - INFO - Đã tải dữ liệu thành công
2026-06-17 12:36:22,805 - INFO - Đã lưu dữ liệu và kết thúc ứng dụng
2026-06-17 12:36:52,287 - INFO - Khởi động ứng dụng
2026-06-17 12:36:52,287 - INFO - Đã tải dữ liệu thành công
2026-06-17 12:36:55,306 - INFO - Đã lưu dữ liệu và kết thúc ứng dụng
2026-06-17 12:37:28,899 - INFO - Khởi động ứng dụng
2026-06-17 12:37:28,916 - INFO - Đã tải dữ liệu thành công
2026-06-17 12:39:07,656 - INFO - Đã lưu dữ liệu và kết thúc ứng dụng
2026-06-17 12:41:10,254 - INFO - Khởi động ứng dụng
2026-06-17 12:41:10,257 - INFO - Đã tải dữ liệu thành công
2026-06-17 12:41:10,321 - ERROR - Lỗi không mong muốn: name 'logo_photo' is not defined
Traceback (most recent call last):
  File "c:\KỸ THUẬT LẬP TRÌNH\main.py", line 13, in <module>
    app = gui.LibraryManagementSystem(root)
          ^^^^^^^^^^^^^^^^^^^^^^^^^^^^^^^^^
  File "c:\KỸ THUẬT LẬP TRÌNH\gui.py", line 41, in __init__
    logo_label = tk.Label(top_row, image=logo_photo, bg="#BE0000")
                                         ^^^^^^^^^^
NameError: name 'logo_photo' is not defined
2026-06-17 12:43:23,822 - INFO - Khởi động ứng dụng
2026-06-17 12:43:23,825 - INFO - Đã tải dữ liệu thành công
2026-06-17 12:43:38,540 - INFO - Đã lưu dữ liệu và kết thúc ứng dụng
2026-06-17 12:45:12,781 - INFO - Khởi động ứng dụng
2026-06-17 12:45:12,783 - INFO - Đã tải dữ liệu thành công
2026-06-17 12:45:36,474 - INFO - Đã lưu dữ liệu và kết thúc ứng dụng
2026-06-17 12:48:54,036 - INFO - Khởi động ứng dụng
2026-06-17 12:48:54,036 - INFO - Đã tải dữ liệu thành công
2026-06-17 12:48:54,108 - ERROR - Lỗi không mong muốn: name 'style' is not defined
Traceback (most recent call last):
  File "c:\KỸ THUẬT LẬP TRÌNH\main.py", line 13, in <module>
    app = gui.LibraryManagementSystem(root)
          ^^^^^^^^^^^^^^^^^^^^^^^^^^^^^^^^^
  File "c:\KỸ THUẬT LẬP TRÌNH\gui.py", line 31, in __init__
    style.theme_use("clam")
    ^^^^^
NameError: name 'style' is not defined. Did you mean: 'self.style'?
2026-06-17 12:49:38,924 - INFO - Khởi động ứng dụng
2026-06-17 12:49:38,938 - INFO - Đã tải dữ liệu thành công
2026-06-17 12:49:39,820 - INFO - Khởi động ứng dụng
2026-06-17 12:49:39,827 - INFO - Đã tải dữ liệu thành công
2026-06-17 12:50:12,603 - INFO - Đã lưu dữ liệu và kết thúc ứng dụng
2026-06-17 12:54:23,429 - INFO - Khởi động ứng dụng
2026-06-17 12:54:23,432 - INFO - Đã tải dữ liệu thành công
2026-06-17 12:54:35,075 - INFO - Đã lưu dữ liệu và kết thúc ứng dụng
2026-06-17 12:55:44,884 - INFO - Khởi động ứng dụng
2026-06-17 12:55:44,893 - INFO - Đã tải dữ liệu thành công
2026-06-17 12:56:04,483 - INFO - Khởi động ứng dụng
2026-06-17 12:56:04,498 - INFO - Đã tải dữ liệu thành công
2026-06-17 12:56:29,514 - INFO - Đã lưu dữ liệu và kết thúc ứng dụng
2026-06-17 12:56:29,945 - INFO - Khởi động ứng dụng
2026-06-17 12:56:29,945 - INFO - Đã tải dữ liệu thành công
2026-06-17 12:56:35,242 - INFO - Đã lưu dữ liệu và kết thúc ứng dụng
2026-06-17 12:56:55,587 - INFO - Khởi động ứng dụng
2026-06-17 12:56:55,587 - INFO - Đã tải dữ liệu thành công
2026-06-17 12:57:01,960 - INFO - Đã lưu dữ liệu và kết thúc ứng dụng
2026-06-17 12:57:19,290 - INFO - Khởi động ứng dụng
2026-06-17 12:57:19,290 - INFO - Đã tải dữ liệu thành công
2026-06-17 12:57:59,022 - INFO - Khởi động ứng dụng
2026-06-17 12:57:59,023 - INFO - Đã tải dữ liệu thành công
2026-06-17 12:58:02,850 - INFO - Đã lưu dữ liệu và kết thúc ứng dụng
2026-06-17 12:58:10,242 - INFO - Khởi động ứng dụng
2026-06-17 12:58:10,242 - INFO - Đã tải dữ liệu thành công
2026-06-17 12:58:13,891 - INFO - Đã lưu dữ liệu và kết thúc ứng dụng
2026-06-17 13:01:39,976 - INFO - Khởi động ứng dụng
2026-06-17 13:01:39,980 - INFO - Đã tải dữ liệu thành công
2026-06-17 13:01:57,737 - INFO - Đã lưu dữ liệu và kết thúc ứng dụng
2026-06-17 13:03:07,602 - INFO - Khởi động ứng dụng
2026-06-17 13:03:07,602 - INFO - Đã tải dữ liệu thành công
2026-06-17 13:06:04,499 - INFO - Khởi động ứng dụng
2026-06-17 13:06:04,510 - INFO - Đã tải dữ liệu thành công
2026-06-17 13:08:38,187 - INFO - Đã lưu dữ liệu và kết thúc ứng dụng
2026-06-17 13:10:01,781 - INFO - Khởi động ứng dụng
2026-06-17 13:10:01,784 - INFO - Đã tải dữ liệu thành công
2026-06-17 13:10:04,541 - INFO - Đã lưu dữ liệu và kết thúc ứng dụng
2026-06-17 13:12:58,471 - INFO - Khởi động ứng dụng
2026-06-17 13:12:58,487 - INFO - Đã tải dữ liệu thành công
2026-06-17 13:12:58,612 - ERROR - Không thể tải logo: bad option "-x": must be -after, -anchor, -before, -expand, -fill, -in, -ipadx, -ipady, -padx, -pady, or -side
2026-06-17 13:13:01,430 - INFO - Đã lưu dữ liệu và kết thúc ứng dụng
2026-06-17 13:13:29,018 - INFO - Khởi động ứng dụng
2026-06-17 13:13:29,035 - INFO - Đã tải dữ liệu thành công
2026-06-17 13:13:29,150 - ERROR - Không thể tải logo: bad option "-x": must be -after, -anchor, -before, -expand, -fill, -in, -ipadx, -ipady, -padx, -pady, or -side
2026-06-17 13:13:34,013 - INFO - Đã lưu dữ liệu và kết thúc ứng dụng
2026-06-17 13:16:36,836 - INFO - Khởi động ứng dụng
2026-06-17 13:16:36,836 - INFO - Đã tải dữ liệu thành công
2026-06-17 13:16:40,238 - INFO - Đã lưu dữ liệu và kết thúc ứng dụng
2026-06-17 13:19:16,429 - INFO - Khởi động ứng dụng
2026-06-17 13:19:16,429 - INFO - Đã tải dữ liệu thành công
2026-06-17 13:19:24,836 - INFO - Đã lưu dữ liệu và kết thúc ứng dụng
2026-06-17 13:25:31,135 - INFO - Khởi động ứng dụng
2026-06-17 13:25:31,137 - INFO - Đã tải dữ liệu thành công
2026-06-17 13:25:38,938 - INFO - Đã lưu dữ liệu và kết thúc ứng dụng
2026-06-17 13:26:01,270 - INFO - Khởi động ứng dụng
2026-06-17 13:26:01,270 - INFO - Đã tải dữ liệu thành công
2026-06-17 13:26:03,486 - INFO - Đã lưu dữ liệu và kết thúc ứng dụng
2026-06-17 13:26:48,364 - INFO - Khởi động ứng dụng
2026-06-17 13:26:48,377 - INFO - Đã tải dữ liệu thành công
2026-06-17 13:26:54,049 - INFO - Đã lưu dữ liệu và kết thúc ứng dụng
2026-06-17 13:27:25,237 - INFO - Khởi động ứng dụng
2026-06-17 13:27:25,237 - INFO - Đã tải dữ liệu thành công
2026-06-17 13:27:28,350 - INFO - Đã lưu dữ liệu và kết thúc ứng dụng
2026-06-17 13:28:22,487 - INFO - Khởi động ứng dụng
2026-06-17 13:28:22,503 - INFO - Đã tải dữ liệu thành công
2026-06-17 13:28:25,126 - INFO - Đã lưu dữ liệu và kết thúc ứng dụng
2026-06-17 13:30:06,932 - INFO - Khởi động ứng dụng
2026-06-17 13:30:06,932 - INFO - Đã tải dữ liệu thành công
2026-06-17 13:30:16,888 - INFO - Đã lưu dữ liệu và kết thúc ứng dụng
2026-06-17 13:30:36,530 - INFO - Khởi động ứng dụng
2026-06-17 13:30:36,530 - INFO - Đã tải dữ liệu thành công
2026-06-17 13:30:42,134 - INFO - Đã lưu dữ liệu và kết thúc ứng dụng
2026-06-17 13:31:02,313 - INFO - Khởi động ứng dụng
2026-06-17 13:31:02,330 - INFO - Đã tải dữ liệu thành công
2026-06-17 13:31:05,848 - INFO - Đã lưu dữ liệu và kết thúc ứng dụng
2026-06-17 13:31:16,550 - INFO - Khởi động ứng dụng
2026-06-17 13:31:16,566 - INFO - Đã tải dữ liệu thành công
2026-06-17 13:31:21,302 - INFO - Đã lưu dữ liệu và kết thúc ứng dụng
2026-06-17 13:31:43,842 - INFO - Khởi động ứng dụng
2026-06-17 13:31:43,842 - INFO - Đã tải dữ liệu thành công
2026-06-17 13:31:47,641 - INFO - Đã lưu dữ liệu và kết thúc ứng dụng
2026-06-17 13:32:11,710 - INFO - Khởi động ứng dụng
2026-06-17 13:32:11,710 - INFO - Đã tải dữ liệu thành công
2026-06-17 13:32:16,703 - INFO - Đã lưu dữ liệu và kết thúc ứng dụng
2026-06-17 13:32:27,324 - INFO - Khởi động ứng dụng
2026-06-17 13:32:27,324 - INFO - Đã tải dữ liệu thành công
2026-06-17 13:32:29,666 - INFO - Đã lưu dữ liệu và kết thúc ứng dụng
2026-06-17 13:32:43,894 - INFO - Khởi động ứng dụng
2026-06-17 13:32:43,906 - INFO - Đã tải dữ liệu thành công
2026-06-17 13:32:47,813 - INFO - Đã lưu dữ liệu và kết thúc ứng dụng
2026-06-17 13:36:57,008 - INFO - Khởi động ứng dụng
2026-06-17 13:36:57,016 - INFO - Đã tải dữ liệu thành công
2026-06-17 13:37:09,013 - INFO - Đã lưu dữ liệu và kết thúc ứng dụng
2026-06-17 13:37:09,503 - INFO - Khởi động ứng dụng
2026-06-17 13:37:09,506 - INFO - Đã tải dữ liệu thành công
2026-06-17 13:37:11,752 - INFO - Đã lưu dữ liệu và kết thúc ứng dụng
2026-06-17 13:38:20,537 - INFO - Khởi động ứng dụng
2026-06-17 13:38:20,553 - INFO - Đã tải dữ liệu thành công
2026-06-17 13:38:25,730 - INFO - Đã lưu dữ liệu và kết thúc ứng dụng
2026-06-17 13:38:39,049 - INFO - Khởi động ứng dụng
2026-06-17 13:38:39,065 - INFO - Đã tải dữ liệu thành công
2026-06-17 13:38:51,965 - INFO - Đã lưu dữ liệu và kết thúc ứng dụng
2026-06-17 13:40:01,155 - INFO - Khởi động ứng dụng
2026-06-17 13:40:01,171 - INFO - Đã tải dữ liệu thành công
2026-06-17 13:40:07,636 - INFO - Đã lưu dữ liệu và kết thúc ứng dụng
2026-06-17 13:40:25,582 - INFO - Khởi động ứng dụng
2026-06-17 13:40:25,582 - INFO - Đã tải dữ liệu thành công
2026-06-17 13:40:36,654 - INFO - Đã lưu dữ liệu và kết thúc ứng dụng
2026-06-17 13:42:23,753 - INFO - Khởi động ứng dụng
2026-06-17 13:42:23,760 - INFO - Đã tải dữ liệu thành công
2026-06-17 13:42:39,012 - INFO - Đã lưu dữ liệu và kết thúc ứng dụng
2026-06-17 13:42:56,379 - INFO - Khởi động ứng dụng
2026-06-17 13:42:56,386 - INFO - Đã tải dữ liệu thành công
2026-06-17 13:43:01,080 - INFO - Đã lưu dữ liệu và kết thúc ứng dụng
2026-06-17 13:43:20,528 - INFO - Khởi động ứng dụng
2026-06-17 13:43:20,528 - INFO - Đã tải dữ liệu thành công
2026-06-17 13:43:26,930 - INFO - Đã lưu dữ liệu và kết thúc ứng dụng
2026-06-17 13:44:32,384 - INFO - Khởi động ứng dụng
2026-06-17 13:44:32,391 - INFO - Đã tải dữ liệu thành công
2026-06-17 13:44:37,841 - INFO - Đã lưu dữ liệu và kết thúc ứng dụng
2026-06-17 13:44:59,617 - INFO - Khởi động ứng dụng
2026-06-17 13:44:59,624 - INFO - Đã tải dữ liệu thành công
2026-06-17 13:44:59,753 - ERROR - Lỗi không mong muốn: unknown option "-style"
Traceback (most recent call last):
  File "c:\KỸ THUẬT LẬP TRÌNH\main.py", line 13, in <module>
    app = gui.LibraryManagementSystem(root)
          ^^^^^^^^^^^^^^^^^^^^^^^^^^^^^^^^^
  File "c:\KỸ THUẬT LẬP TRÌNH\gui.py", line 38, in __init__
    header_frame.configure(style="Header.TFrame")
  File "C:\Program Files\WindowsApps\PythonSoftwareFoundation.Python.3.12_3.12.2800.0_x64__qbz5n2kfra8p0\Lib\tkinter\__init__.py", line 1722, in configure
    return self._configure('configure', cnf, kw)
           ^^^^^^^^^^^^^^^^^^^^^^^^^^^^^^^^^^^^^
  File "C:\Program Files\WindowsApps\PythonSoftwareFoundation.Python.3.12_3.12.2800.0_x64__qbz5n2kfra8p0\Lib\tkinter\__init__.py", line 1712, in _configure
    self.tk.call(_flatten((self._w, cmd)) + self._options(cnf))
_tkinter.TclError: unknown option "-style"
2026-06-17 13:45:12,581 - INFO - Khởi động ứng dụng
2026-06-17 13:45:12,581 - INFO - Đã tải dữ liệu thành công
2026-06-17 13:45:12,712 - ERROR - Lỗi không mong muốn: unknown option "-style"
Traceback (most recent call last):
  File "c:\KỸ THUẬT LẬP TRÌNH\main.py", line 13, in <module>
    app = gui.LibraryManagementSystem(root)
          ^^^^^^^^^^^^^^^^^^^^^^^^^^^^^^^^^
  File "c:\KỸ THUẬT LẬP TRÌNH\gui.py", line 41, in __init__
    center_frame = tk.Frame(header_frame, style="Header.TFrame")
                   ^^^^^^^^^^^^^^^^^^^^^^^^^^^^^^^^^^^^^^^^^^^^^
  File "C:\Users\vipcu\AppData\Local\Packages\PythonSoftwareFoundation.Python.3.12_qbz5n2kfra8p0\LocalCache\local-packages\Python312\site-packages\ttkbootstrap\style.py", line 5528, in __init__wrapper
    func(self, *args, **kwargs)
  File "C:\Program Files\WindowsApps\PythonSoftwareFoundation.Python.3.12_3.12.2800.0_x64__qbz5n2kfra8p0\Lib\tkinter\__init__.py", line 3226, in __init__
    Widget.__init__(self, master, 'frame', cnf, {}, extra)
  File "C:\Program Files\WindowsApps\PythonSoftwareFoundation.Python.3.12_3.12.2800.0_x64__qbz5n2kfra8p0\Lib\tkinter\__init__.py", line 2661, in __init__
    self.tk.call(
_tkinter.TclError: unknown option "-style"
2026-06-17 13:45:31,532 - INFO - Khởi động ứng dụng
2026-06-17 13:45:31,544 - INFO - Đã tải dữ liệu thành công
2026-06-17 13:45:31,654 - ERROR - Lỗi không mong muốn: module 'tkinter' has no attribute 'Style'
Traceback (most recent call last):
  File "c:\KỸ THUẬT LẬP TRÌNH\main.py", line 13, in <module>
    app = gui.LibraryManagementSystem(root)
          ^^^^^^^^^^^^^^^^^^^^^^^^^^^^^^^^^
  File "c:\KỸ THUẬT LẬP TRÌNH\gui.py", line 30, in __init__
    self.style = tk.Style()
                 ^^^^^^^^
AttributeError: module 'tkinter' has no attribute 'Style'. Did you mean: 'Scale'?
2026-06-17 13:45:54,981 - INFO - Khởi động ứng dụng
2026-06-17 13:45:54,989 - INFO - Đã tải dữ liệu thành công
2026-06-17 13:45:55,092 - ERROR - Lỗi không mong muốn: 'LibraryManagementSystem' object has no attribute 'style'
Traceback (most recent call last):
  File "c:\KỸ THUẬT LẬP TRÌNH\main.py", line 13, in <module>
    app = gui.LibraryManagementSystem(root)
          ^^^^^^^^^^^^^^^^^^^^^^^^^^^^^^^^^
  File "c:\KỸ THUẬT LẬP TRÌNH\gui.py", line 36, in __init__
    self.style.configure("Header.TFrame", background="#BE0000")
    ^^^^^^^^^^
AttributeError: 'LibraryManagementSystem' object has no attribute 'style'
2026-06-17 13:46:33,674 - INFO - Khởi động ứng dụng
2026-06-17 13:46:33,680 - INFO - Đã tải dữ liệu thành công
2026-06-17 13:46:39,641 - INFO - Đã lưu dữ liệu và kết thúc ứng dụng
2026-06-17 13:46:56,530 - INFO - Khởi động ứng dụng
2026-06-17 13:46:56,538 - INFO - Đã tải dữ liệu thành công
2026-06-17 13:46:59,330 - INFO - Đã lưu dữ liệu và kết thúc ứng dụng
2026-06-17 13:47:13,496 - INFO - Khởi động ứng dụng
2026-06-17 13:47:13,507 - INFO - Đã tải dữ liệu thành công
2026-06-17 13:47:17,158 - INFO - Đã lưu dữ liệu và kết thúc ứng dụng
2026-06-17 13:47:38,395 - INFO - Khởi động ứng dụng
2026-06-17 13:47:38,407 - INFO - Đã tải dữ liệu thành công
2026-06-17 13:47:43,059 - INFO - Đã lưu dữ liệu và kết thúc ứng dụng
2026-06-17 13:48:15,388 - INFO - Khởi động ứng dụng
2026-06-17 13:48:15,394 - INFO - Đã tải dữ liệu thành công
2026-06-17 13:48:26,292 - INFO - Mở cửa sổ danh sách sách quá hạn
2026-06-17 13:49:47,316 - INFO - Khởi động ứng dụng
2026-06-17 13:49:47,332 - INFO - Đã tải dữ liệu thành công
2026-06-17 13:49:53,753 - INFO - Đã lưu dữ liệu và kết thúc ứng dụng
2026-06-17 13:50:02,875 - INFO - Khởi động ứng dụng
2026-06-17 13:50:02,883 - INFO - Đã tải dữ liệu thành công
2026-06-17 13:50:03,089 - ERROR - Không thể tải logo: bad pad value "-50": must be positive screen distance
2026-06-17 13:50:06,086 - INFO - Đã lưu dữ liệu và kết thúc ứng dụng
2026-06-17 13:51:39,617 - INFO - Khởi động ứng dụng
2026-06-17 13:51:39,622 - INFO - Đã tải dữ liệu thành công
2026-06-17 13:51:39,772 - ERROR - Lỗi không mong muốn: unknown option "-style"
Traceback (most recent call last):
  File "c:\KỸ THUẬT LẬP TRÌNH\main.py", line 13, in <module>
    app = gui.LibraryManagementSystem(root)
          ^^^^^^^^^^^^^^^^^^^^^^^^^^^^^^^^^
  File "c:\KỸ THUẬT LẬP TRÌNH\gui.py", line 38, in __init__
    header_frame.configure(style="Header.TFrame")
  File "C:\Program Files\WindowsApps\PythonSoftwareFoundation.Python.3.12_3.12.2800.0_x64__qbz5n2kfra8p0\Lib\tkinter\__init__.py", line 1722, in configure
    return self._configure('configure', cnf, kw)
           ^^^^^^^^^^^^^^^^^^^^^^^^^^^^^^^^^^^^^
  File "C:\Program Files\WindowsApps\PythonSoftwareFoundation.Python.3.12_3.12.2800.0_x64__qbz5n2kfra8p0\Lib\tkinter\__init__.py", line 1712, in _configure
    self.tk.call(_flatten((self._w, cmd)) + self._options(cnf))
_tkinter.TclError: unknown option "-style"
2026-06-17 13:52:38,853 - INFO - Khởi động ứng dụng
2026-06-17 13:52:38,853 - INFO - Đã tải dữ liệu thành công
2026-06-17 13:52:39,101 - ERROR - Lỗi không mong muốn: 'LibraryManagementSystem' object has no attribute 'style'
Traceback (most recent call last):
  File "c:\KỸ THUẬT LẬP TRÌNH\main.py", line 13, in <module>
    app = gui.LibraryManagementSystem(root)
          ^^^^^^^^^^^^^^^^^^^^^^^^^^^^^^^^^
  File "c:\KỸ THUẬT LẬP TRÌNH\gui.py", line 72, in __init__
    inactive_tab_bg = self.style.lookup('TButton', 'background') or "#E0EFFF"
                      ^^^^^^^^^^
AttributeError: 'LibraryManagementSystem' object has no attribute 'style'
2026-06-17 13:53:16,436 - INFO - Khởi động ứng dụng
2026-06-17 13:53:16,444 - INFO - Đã tải dữ liệu thành công
2026-06-17 13:53:16,563 - ERROR - Lỗi không mong muốn: unknown option "-style"
Traceback (most recent call last):
  File "c:\KỸ THUẬT LẬP TRÌNH\main.py", line 13, in <module>
    app = gui.LibraryManagementSystem(root)
          ^^^^^^^^^^^^^^^^^^^^^^^^^^^^^^^^^
  File "c:\KỸ THUẬT LẬP TRÌNH\gui.py", line 38, in __init__
    header_frame.configure(style="Header.TFrame")
  File "C:\Program Files\WindowsApps\PythonSoftwareFoundation.Python.3.12_3.12.2800.0_x64__qbz5n2kfra8p0\Lib\tkinter\__init__.py", line 1722, in configure
    return self._configure('configure', cnf, kw)
           ^^^^^^^^^^^^^^^^^^^^^^^^^^^^^^^^^^^^^
  File "C:\Program Files\WindowsApps\PythonSoftwareFoundation.Python.3.12_3.12.2800.0_x64__qbz5n2kfra8p0\Lib\tkinter\__init__.py", line 1712, in _configure
    self.tk.call(_flatten((self._w, cmd)) + self._options(cnf))
_tkinter.TclError: unknown option "-style"
2026-06-17 13:53:42,318 - INFO - Khởi động ứng dụng
2026-06-17 13:53:42,328 - INFO - Đã tải dữ liệu thành công
2026-06-17 13:53:50,239 - INFO - Đã lưu dữ liệu và kết thúc ứng dụng
2026-06-17 13:54:04,765 - INFO - Khởi động ứng dụng
2026-06-17 13:54:04,770 - INFO - Đã tải dữ liệu thành công
2026-06-17 13:54:15,400 - INFO - Đã lưu dữ liệu và kết thúc ứng dụng
2026-06-17 13:54:24,367 - INFO - Khởi động ứng dụng
2026-06-17 13:54:24,367 - INFO - Đã tải dữ liệu thành công
2026-06-17 13:54:30,289 - INFO - Đã lưu dữ liệu và kết thúc ứng dụng
2026-06-17 13:54:40,466 - INFO - Khởi động ứng dụng
2026-06-17 13:54:40,479 - INFO - Đã tải dữ liệu thành công
2026-06-17 13:55:16,449 - INFO - Đã lưu dữ liệu và kết thúc ứng dụng
2026-06-17 13:55:42,832 - INFO - Khởi động ứng dụng
2026-06-17 13:55:42,846 - INFO - Đã tải dữ liệu thành công
2026-06-17 13:55:43,038 - ERROR - Không thể tải logo: name 'logo_label' is not defined
2026-06-17 13:55:53,327 - INFO - Đã lưu dữ liệu và kết thúc ứng dụng
2026-06-17 13:56:21,591 - INFO - Khởi động ứng dụng
2026-06-17 13:56:21,596 - INFO - Đã tải dữ liệu thành công
2026-06-17 13:56:50,046 - INFO - Khởi động ứng dụng
2026-06-17 13:56:50,046 - INFO - Đã tải dữ liệu thành công
2026-06-17 13:56:57,563 - INFO - Đã lưu dữ liệu và kết thúc ứng dụng
2026-06-17 13:57:42,111 - INFO - Khởi động ứng dụng
2026-06-17 13:57:42,120 - INFO - Đã tải dữ liệu thành công
2026-06-17 13:57:48,572 - INFO - Đã lưu dữ liệu và kết thúc ứng dụng
2026-06-17 13:57:58,593 - INFO - Khởi động ứng dụng
2026-06-17 13:57:58,593 - INFO - Đã tải dữ liệu thành công
2026-06-17 13:59:21,947 - INFO - Đã lưu dữ liệu và kết thúc ứng dụng
2026-06-17 13:59:33,751 - INFO - Khởi động ứng dụng
2026-06-17 13:59:33,759 - INFO - Đã tải dữ liệu thành công
2026-06-17 14:00:48,373 - INFO - Đã lưu dữ liệu và kết thúc ứng dụng
2026-06-17 14:01:51,552 - INFO - Khởi động ứng dụng
2026-06-17 14:01:51,554 - INFO - Đã tải dữ liệu thành công
2026-06-17 14:01:51,725 - ERROR - Không thể tải logo: [Errno 2] No such file or directory: 'hust.png'
2026-06-17 14:01:55,835 - INFO - Đã lưu dữ liệu và kết thúc ứng dụng
2026-06-17 14:02:11,270 - INFO - Khởi động ứng dụng
2026-06-17 14:02:11,270 - INFO - Đã tải dữ liệu thành công
2026-06-17 14:02:17,429 - INFO - Đã lưu dữ liệu và kết thúc ứng dụng
2026-06-17 14:02:27,053 - INFO - Khởi động ứng dụng
2026-06-17 14:02:27,056 - INFO - Đã tải dữ liệu thành công
2026-06-17 14:02:33,775 - INFO - Đã lưu dữ liệu và kết thúc ứng dụng
2026-06-17 14:02:40,737 - INFO - Khởi động ứng dụng
2026-06-17 14:02:40,737 - INFO - Đã tải dữ liệu thành công
2026-06-17 14:02:47,557 - INFO - Đã lưu dữ liệu và kết thúc ứng dụng
2026-06-17 14:02:55,066 - INFO - Khởi động ứng dụng
2026-06-17 14:02:55,073 - INFO - Đã tải dữ liệu thành công
2026-06-17 14:02:59,591 - INFO - Đã lưu dữ liệu và kết thúc ứng dụng
2026-06-17 14:03:06,599 - INFO - Khởi động ứng dụng
2026-06-17 14:03:06,607 - INFO - Đã tải dữ liệu thành công
2026-06-17 14:03:09,040 - INFO - Đã lưu dữ liệu và kết thúc ứng dụng
2026-06-17 14:03:15,837 - INFO - Khởi động ứng dụng
2026-06-17 14:03:15,842 - INFO - Đã tải dữ liệu thành công
2026-06-17 14:03:18,148 - INFO - Đã lưu dữ liệu và kết thúc ứng dụng
2026-06-17 14:03:23,787 - INFO - Khởi động ứng dụng
2026-06-17 14:03:23,792 - INFO - Đã tải dữ liệu thành công
2026-06-17 14:03:27,575 - INFO - Đã lưu dữ liệu và kết thúc ứng dụng
2026-06-17 14:03:36,766 - INFO - Khởi động ứng dụng
2026-06-17 14:03:36,768 - INFO - Đã tải dữ liệu thành công
2026-06-17 14:03:41,780 - INFO - Đã lưu dữ liệu và kết thúc ứng dụng
2026-06-17 14:04:42,915 - INFO - Khởi động ứng dụng
2026-06-17 14:04:42,920 - INFO - Đã tải dữ liệu thành công
2026-06-17 14:05:25,645 - INFO - Đã lưu dữ liệu và kết thúc ứng dụng
2026-06-17 14:06:16,473 - INFO - Khởi động ứng dụng
2026-06-17 14:06:16,480 - INFO - Đã tải dữ liệu thành công
2026-06-17 14:06:30,499 - INFO - Đã lưu dữ liệu và kết thúc ứng dụng
2026-06-17 14:08:08,171 - INFO - Khởi động ứng dụng
2026-06-17 14:08:08,180 - INFO - Đã tải dữ liệu thành công
2026-06-17 14:11:55,185 - INFO - Khởi động ứng dụng
2026-06-17 14:11:55,190 - INFO - Đã tải dữ liệu thành công
2026-06-17 14:12:25,364 - INFO - Đã lưu dữ liệu và kết thúc ứng dụng
2026-06-17 14:12:29,212 - INFO - Khởi động ứng dụng
2026-06-17 14:12:29,229 - INFO - Đã tải dữ liệu thành công
2026-06-17 14:13:03,458 - INFO - Đã lưu dữ liệu và kết thúc ứng dụng
2026-06-17 14:14:08,813 - INFO - Khởi động ứng dụng
2026-06-17 14:14:08,818 - INFO - Đã tải dữ liệu thành công
2026-06-17 14:14:14,664 - INFO - Đã lưu dữ liệu và kết thúc ứng dụng
2026-06-17 14:14:31,860 - INFO - Khởi động ứng dụng
2026-06-17 14:14:31,864 - INFO - Đã tải dữ liệu thành công
2026-06-17 14:14:49,077 - INFO - Đã lưu dữ liệu và kết thúc ứng dụng
2026-06-17 14:14:57,434 - INFO - Khởi động ứng dụng
2026-06-17 14:14:57,442 - INFO - Đã tải dữ liệu thành công
2026-06-17 14:15:02,346 - INFO - Đã lưu dữ liệu và kết thúc ứng dụng
2026-06-17 14:15:13,640 - INFO - Khởi động ứng dụng
2026-06-17 14:15:13,651 - INFO - Đã tải dữ liệu thành công
2026-06-17 14:15:17,958 - INFO - Đã lưu dữ liệu và kết thúc ứng dụng
2026-06-17 14:15:28,065 - INFO - Khởi động ứng dụng
2026-06-17 14:15:28,079 - INFO - Đã tải dữ liệu thành công
2026-06-17 14:15:32,415 - INFO - Đã lưu dữ liệu và kết thúc ứng dụng
2026-06-17 14:15:40,455 - INFO - Khởi động ứng dụng
2026-06-17 14:15:40,466 - INFO - Đã tải dữ liệu thành công
2026-06-17 14:16:16,286 - INFO - Đã lưu dữ liệu và kết thúc ứng dụng
2026-06-17 14:18:29,293 - INFO - Khởi động ứng dụng
2026-06-17 14:18:29,305 - INFO - Đã tải dữ liệu thành công
2026-06-17 14:18:38,710 - INFO - Đã lưu dữ liệu và kết thúc ứng dụng
2026-06-17 14:24:09,217 - INFO - Khởi động ứng dụng
2026-06-17 14:24:09,219 - INFO - Đã tải dữ liệu thành công
2026-06-17 14:24:14,615 - INFO - Đã lưu dữ liệu và kết thúc ứng dụng
2026-06-17 14:24:54,603 - INFO - Khởi động ứng dụng
2026-06-17 14:24:54,611 - INFO - Đã tải dữ liệu thành công
2026-06-17 14:25:13,454 - INFO - Đã lưu dữ liệu và kết thúc ứng dụng
2026-06-17 14:29:14,051 - INFO - Khởi động ứng dụng
2026-06-17 14:29:14,058 - INFO - Đã tải dữ liệu thành công
2026-06-17 14:29:14,367 - ERROR - Lỗi không mong muốn: name 'center_frame' is not defined
Traceback (most recent call last):
  File "c:\KỸ THUẬT LẬP TRÌNH\main.py", line 13, in <module>
    app = gui.LibraryManagementSystem(root)
          ^^^^^^^^^^^^^^^^^^^^^^^^^^^^^^^^^
  File "c:\KỸ THUẬT LẬP TRÌNH\gui.py", line 63, in __init__
    ttk.Label(center_frame, text="HỆ THỐNG QUẢN LÝ THƯ VIỆN",
              ^^^^^^^^^^^^
NameError: name 'center_frame' is not defined. Did you mean: 'header_frame'?
2026-06-17 14:30:32,824 - INFO - Khởi động ứng dụng
2026-06-17 14:30:32,824 - INFO - Đã tải dữ liệu thành công
2026-06-17 14:30:33,150 - ERROR - Lỗi không mong muốn: name 'center_frame' is not defined
Traceback (most recent call last):
  File "c:\KỸ THUẬT LẬP TRÌNH\main.py", line 13, in <module>
    app = gui.LibraryManagementSystem(root)
          ^^^^^^^^^^^^^^^^^^^^^^^^^^^^^^^^^
  File "c:\KỸ THUẬT LẬP TRÌNH\gui.py", line 63, in __init__
    ttk.Label(center_frame, text="HỆ THỐNG QUẢN LÝ THƯ VIỆN",
              ^^^^^^^^^^^^
NameError: name 'center_frame' is not defined. Did you mean: 'header_frame'?
2026-06-17 14:31:30,171 - INFO - Khởi động ứng dụng
2026-06-17 14:31:30,175 - INFO - Đã tải dữ liệu thành công
2026-06-17 14:31:40,737 - INFO - Đã lưu dữ liệu và kết thúc ứng dụng
2026-06-17 14:34:33,864 - INFO - Khởi động ứng dụng
2026-06-17 14:34:33,866 - INFO - Đã tải dữ liệu thành công
2026-06-17 14:34:39,508 - INFO - Đã lưu dữ liệu và kết thúc ứng dụng
2026-06-17 14:35:35,791 - INFO - Khởi động ứng dụng
2026-06-17 14:35:35,791 - INFO - Đã tải dữ liệu thành công
2026-06-17 14:35:39,989 - INFO - Đã lưu dữ liệu và kết thúc ứng dụng
2026-06-17 14:36:27,530 - INFO - Khởi động ứng dụng
2026-06-17 14:36:27,530 - INFO - Đã tải dữ liệu thành công
2026-06-17 14:36:33,512 - INFO - Đã lưu dữ liệu và kết thúc ứng dụng
2026-06-17 14:36:52,393 - INFO - Khởi động ứng dụng
2026-06-17 14:36:52,397 - INFO - Đã tải dữ liệu thành công
2026-06-17 14:38:59,929 - INFO - Đã lưu dữ liệu và kết thúc ứng dụng
2026-06-17 14:39:35,910 - INFO - Khởi động ứng dụng
2026-06-17 14:39:35,910 - INFO - Đã tải dữ liệu thành công
2026-06-17 14:41:18,437 - INFO - Khởi động ứng dụng
2026-06-17 14:41:18,437 - INFO - Đã tải dữ liệu thành công
2026-06-17 14:41:21,867 - INFO - Đã lưu dữ liệu và kết thúc ứng dụng
2026-06-17 14:41:36,770 - INFO - Khởi động ứng dụng
2026-06-17 14:41:36,775 - INFO - Đã tải dữ liệu thành công
2026-06-17 14:41:41,640 - INFO - Đã lưu dữ liệu và kết thúc ứng dụng
2026-06-17 14:42:36,386 - INFO - Khởi động ứng dụng
2026-06-17 14:42:36,401 - INFO - Đã tải dữ liệu thành công
2026-06-17 14:42:57,972 - INFO - Đã lưu dữ liệu và kết thúc ứng dụng
2026-06-17 14:43:51,467 - INFO - Khởi động ứng dụng
2026-06-17 14:43:51,475 - INFO - Đã tải dữ liệu thành công
2026-06-17 14:44:18,539 - INFO - Đã lưu dữ liệu và kết thúc ứng dụng
2026-06-17 14:44:28,570 - INFO - Khởi động ứng dụng
2026-06-17 14:44:28,582 - INFO - Đã tải dữ liệu thành công
2026-06-17 14:44:33,980 - INFO - Đã lưu dữ liệu và kết thúc ứng dụng
2026-06-17 14:45:10,913 - INFO - Khởi động ứng dụng
2026-06-17 14:45:10,915 - INFO - Đã tải dữ liệu thành công
2026-06-17 14:45:54,582 - INFO - Khởi động ứng dụng
2026-06-17 14:45:54,591 - INFO - Đã tải dữ liệu thành công
2026-06-17 14:46:02,607 - INFO - Đã lưu dữ liệu và kết thúc ứng dụng
2026-06-17 14:46:21,835 - INFO - Khởi động ứng dụng
2026-06-17 14:46:21,839 - INFO - Đã tải dữ liệu thành công
2026-06-17 14:46:27,632 - INFO - Đã lưu dữ liệu và kết thúc ứng dụng
2026-06-17 14:47:54,824 - INFO - Khởi động ứng dụng
2026-06-17 14:47:54,827 - INFO - Đã tải dữ liệu thành công
2026-06-17 14:48:47,993 - INFO - Khởi động ứng dụng
2026-06-17 14:48:47,995 - INFO - Đã tải dữ liệu thành công
2026-06-17 14:48:52,220 - INFO - Đã lưu dữ liệu và kết thúc ứng dụng
2026-06-17 14:49:31,790 - INFO - Khởi động ứng dụng
2026-06-17 14:49:31,799 - INFO - Đã tải dữ liệu thành công
2026-06-17 14:49:44,489 - INFO - Đã lưu dữ liệu và kết thúc ứng dụng
2026-06-17 14:50:30,189 - INFO - Khởi động ứng dụng
2026-06-17 14:50:30,197 - INFO - Đã tải dữ liệu thành công
2026-06-17 14:50:32,884 - INFO - Đã lưu dữ liệu và kết thúc ứng dụng
2026-06-17 14:55:57,180 - INFO - Khởi động ứng dụng
2026-06-17 14:55:57,183 - INFO - Đã tải dữ liệu thành công
2026-06-17 14:56:53,520 - INFO - Khởi động ứng dụng
2026-06-17 14:56:53,528 - INFO - Đã tải dữ liệu thành công
2026-06-17 14:57:04,471 - INFO - Đã lưu dữ liệu và kết thúc ứng dụng
2026-06-17 14:57:48,277 - INFO - Khởi động ứng dụng
2026-06-17 14:57:48,277 - INFO - Đã tải dữ liệu thành công
2026-06-17 14:57:53,927 - INFO - Đã lưu dữ liệu và kết thúc ứng dụng
2026-06-17 14:59:44,557 - INFO - Khởi động ứng dụng
2026-06-17 14:59:44,557 - INFO - Đã tải dữ liệu thành công
2026-06-17 14:59:49,271 - INFO - Đã lưu dữ liệu và kết thúc ứng dụng
2026-06-17 15:05:48,562 - INFO - Khởi động ứng dụng
2026-06-17 15:05:48,564 - INFO - Đã tải dữ liệu thành công
2026-06-17 15:06:07,373 - INFO - Đã lưu dữ liệu và kết thúc ứng dụng
2026-06-17 15:09:15,793 - INFO - Khởi động ứng dụng
2026-06-17 15:09:15,805 - INFO - Đã tải dữ liệu thành công
2026-06-17 15:09:19,158 - INFO - Mở cửa sổ thêm sách mới
2026-06-17 15:09:24,217 - INFO - Đã lưu dữ liệu và kết thúc ứng dụng
2026-06-17 15:10:25,856 - INFO - Khởi động ứng dụng
2026-06-17 15:10:25,862 - INFO - Đã tải dữ liệu thành công
2026-06-17 15:12:07,452 - INFO - Đã lưu dữ liệu và kết thúc ứng dụng
2026-06-17 15:14:07,716 - INFO - Khởi động ứng dụng
2026-06-17 15:14:07,716 - INFO - Đã tải dữ liệu thành công
2026-06-17 15:14:10,623 - INFO - Đã lưu dữ liệu và kết thúc ứng dụng
2026-06-17 15:14:29,285 - INFO - Khởi động ứng dụng
2026-06-17 15:14:29,293 - INFO - Đã tải dữ liệu thành công
2026-06-17 15:16:40,718 - INFO - Đã lưu dữ liệu và kết thúc ứng dụng
2026-06-17 15:16:45,237 - INFO - Khởi động ứng dụng
2026-06-17 15:16:45,243 - INFO - Đã tải dữ liệu thành công
2026-06-17 15:16:48,057 - INFO - Đã lưu dữ liệu và kết thúc ứng dụng
2026-06-17 15:21:15,383 - INFO - Khởi động ứng dụng
2026-06-17 15:21:15,394 - INFO - Đã tải dữ liệu thành công
2026-06-17 15:21:21,148 - INFO - Mở cửa sổ thêm bạn đọc mới
2026-06-17 15:24:32,593 - INFO - Đã lưu dữ liệu và kết thúc ứng dụng
2026-06-17 15:26:41,712 - INFO - Khởi động ứng dụng
2026-06-17 15:26:41,712 - INFO - Đã tải dữ liệu thành công
2026-06-17 15:26:46,034 - INFO - Mở cửa sổ thêm bạn đọc mới
2026-06-17 15:31:14,976 - INFO - Khởi động ứng dụng
2026-06-17 15:31:14,986 - INFO - Đã tải dữ liệu thành công
2026-06-17 15:31:23,119 - INFO - Mở cửa sổ thêm bạn đọc mới
2026-06-17 15:31:55,517 - INFO - Thêm bạn đọc: BD01
2026-06-17 15:34:27,266 - INFO - Đã lưu dữ liệu và kết thúc ứng dụng
2026-06-17 15:36:01,564 - INFO - Khởi động ứng dụng
2026-06-17 15:36:01,564 - INFO - Đã tải dữ liệu thành công
2026-06-17 15:36:12,746 - INFO - Mở cửa sổ thêm bạn đọc mới
2026-06-17 15:36:31,141 - INFO - Đã lưu dữ liệu và kết thúc ứng dụng
2026-06-17 15:39:48,848 - INFO - Khởi động ứng dụng
2026-06-17 15:39:48,854 - INFO - Đã tải dữ liệu thành công
2026-06-17 15:40:04,136 - INFO - Mở cửa sổ thêm bạn đọc mới
2026-06-17 15:40:16,078 - INFO - Đã lưu dữ liệu và kết thúc ứng dụng
2026-06-17 15:42:36,977 - INFO - Khởi động ứng dụng
2026-06-17 15:42:36,985 - INFO - Đã tải dữ liệu thành công
2026-06-17 15:56:23,309 - INFO - Đã lưu dữ liệu và kết thúc ứng dụng
2026-06-17 15:59:07,690 - INFO - Khởi động ứng dụng
2026-06-17 15:59:07,696 - INFO - Đã tải dữ liệu thành công
2026-06-17 15:59:13,627 - INFO - Đã lưu dữ liệu và kết thúc ứng dụng
2026-06-17 16:02:01,483 - INFO - Khởi động ứng dụng
2026-06-17 16:02:01,488 - INFO - Đã tải dữ liệu thành công
2026-06-17 16:02:23,275 - INFO - Khởi động ứng dụng
2026-06-17 16:02:23,284 - INFO - Đã tải dữ liệu thành công
2026-06-17 16:03:36,501 - INFO - Khởi động ứng dụng
2026-06-17 16:03:36,509 - INFO - Đã tải dữ liệu thành công
2026-06-17 16:03:47,208 - INFO - Mở cửa sổ danh sách sách quá hạn
2026-06-17 16:04:00,253 - INFO - Mở cửa sổ xem lịch sử mượn/trả
2026-06-17 16:04:18,945 - INFO - Mở cửa sổ trả sách
2026-06-17 16:04:26,104 - INFO - Trả sách S001 bởi BD002
2026-06-17 16:04:52,008 - INFO - Trả sách S002 bởi BD002
2026-06-17 16:05:02,048 - INFO - Mở cửa sổ danh sách sách quá hạn
2026-06-17 16:08:31,759 - INFO - Mở cửa sổ thêm sách mới
2026-06-17 16:11:34,847 - INFO - Thêm sách: S211
2026-06-17 16:14:04,451 - INFO - Mở cửa sổ thêm sách mới
2026-06-17 16:16:39,625 - INFO - Đã lưu dữ liệu và kết thúc ứng dụng
2026-06-17 16:16:44,928 - INFO - Khởi động ứng dụng
2026-06-17 16:16:44,939 - INFO - Đã tải dữ liệu thành công
2026-06-17 16:16:46,925 - INFO - Mở cửa sổ thêm sách mới
2026-06-17 16:17:00,634 - INFO - Thêm sách: S200
2026-06-17 16:17:17,911 - INFO - Mở cửa sổ cập nhật sách
2026-06-17 16:17:22,391 - INFO - Mở cửa sổ cập nhật sách
2026-06-17 16:17:30,609 - INFO - Cập nhật sách: S199
2026-06-17 16:17:35,782 - INFO - Mở cửa sổ cập nhật sách
2026-06-17 16:17:57,460 - INFO - Cập nhật sách: S199
2026-06-17 16:18:01,881 - INFO - Mở cửa sổ tìm kiếm sách
2026-06-17 16:18:43,057 - INFO - Mở cửa sổ thêm sách mới
2026-06-17 16:19:00,056 - INFO - Mở cửa sổ tìm kiếm sách
2026-06-17 16:20:51,087 - INFO - Khởi động ứng dụng
2026-06-17 16:20:51,097 - INFO - Đã tải dữ liệu thành công
2026-06-17 16:20:53,224 - INFO - Mở cửa sổ tìm kiếm sách
2026-06-17 16:21:19,741 - INFO - Mở cửa sổ tìm kiếm sách
2026-06-17 16:22:16,598 - INFO - Mở cửa sổ cập nhật sách
2026-06-17 16:22:23,698 - INFO - Mở cửa sổ cập nhật sách
2026-06-17 16:22:27,656 - INFO - Cập nhật sách: S001
2026-06-17 16:22:32,585 - INFO - Mở cửa sổ cập nhật sách
2026-06-17 16:22:36,936 - INFO - Cập nhật sách: S001
2026-06-17 16:22:47,780 - INFO - Mở cửa sổ danh sách sách quá hạn
2026-06-17 16:22:59,327 - INFO - Mở cửa sổ cập nhật sách
2026-06-17 16:23:03,400 - INFO - Mở cửa sổ cập nhật sách
2026-06-17 16:24:43,139 - INFO - Cập nhật sách: S004
2026-06-17 16:25:07,537 - INFO - Đã lưu dữ liệu và kết thúc ứng dụng
2026-06-17 16:25:17,179 - INFO - Khởi động ứng dụng
2026-06-17 16:25:17,183 - INFO - Đã tải dữ liệu thành công
2026-06-17 16:25:20,502 - INFO - Mở cửa sổ cập nhật sách
2026-06-17 16:25:24,441 - INFO - Mở cửa sổ cập nhật sách
2026-06-17 16:25:32,702 - INFO - Mở cửa sổ cập nhật sách
2026-06-17 16:26:02,169 - INFO - Mở cửa sổ cập nhật sách
2026-06-17 16:26:06,225 - INFO - Mở cửa sổ cập nhật sách
2026-06-17 16:26:42,295 - INFO - Cập nhật sách: S004
2026-06-17 16:29:25,749 - INFO - Mở cửa sổ mượn sách
2026-06-17 16:31:18,272 - INFO - Mở cửa sổ danh sách sách quá hạn
2026-06-17 16:33:03,452 - INFO - Đã lưu dữ liệu và kết thúc ứng dụng
2026-06-17 16:33:05,541 - INFO - Khởi động ứng dụng
2026-06-17 16:33:05,550 - INFO - Đã tải dữ liệu thành công
2026-06-17 16:33:10,534 - INFO - Mở cửa sổ mượn sách
2026-06-17 16:34:11,777 - INFO - Đã lưu dữ liệu và kết thúc ứng dụng
2026-06-17 16:34:15,126 - INFO - Khởi động ứng dụng
2026-06-17 16:34:15,131 - INFO - Đã tải dữ liệu thành công
2026-06-17 16:34:18,498 - INFO - Mở cửa sổ mượn sách
2026-06-17 16:35:22,412 - INFO - Mở cửa sổ danh sách sách quá hạn
2026-06-17 16:35:27,183 - INFO - Mở cửa sổ xem lịch sử mượn/trả
2026-06-17 16:35:35,763 - INFO - Mở cửa sổ trả sách
2026-06-17 16:40:26,889 - INFO - Đã lưu dữ liệu và kết thúc ứng dụng
2026-06-17 16:40:29,121 - INFO - Khởi động ứng dụng
2026-06-17 16:40:29,130 - INFO - Đã tải dữ liệu thành công
2026-06-17 16:40:32,633 - INFO - Mở cửa sổ trả sách
2026-06-17 16:49:04,823 - INFO - Đã lưu dữ liệu và kết thúc ứng dụng
2026-06-17 16:49:08,424 - INFO - Khởi động ứng dụng
2026-06-17 16:49:08,435 - INFO - Đã tải dữ liệu thành công
2026-06-17 16:49:11,696 - INFO - Mở cửa sổ trả sách
2026-06-17 16:49:54,876 - INFO - Mở cửa sổ xem lịch sử mượn/trả
2026-06-17 16:50:12,199 - INFO - Đã lưu dữ liệu và kết thúc ứng dụng
2026-06-17 16:50:17,439 - INFO - Khởi động ứng dụng
2026-06-17 16:50:17,449 - INFO - Đã tải dữ liệu thành công
2026-06-17 16:50:45,320 - INFO - Mở cửa sổ thêm bạn đọc mới
2026-06-17 16:51:22,852 - INFO - Thêm bạn đọc: BD051
2026-06-17 16:54:54,620 - INFO - Đã lưu dữ liệu và kết thúc ứng dụng
2026-06-17 16:54:58,351 - INFO - Khởi động ứng dụng
2026-06-17 16:54:58,359 - INFO - Đã tải dữ liệu thành công
2026-06-17 16:55:00,665 - INFO - Mở cửa sổ thêm sách mới
2026-06-17 16:55:05,377 - INFO - Mở cửa sổ thêm bạn đọc mới
2026-06-17 17:02:42,689 - INFO - Đã lưu dữ liệu và kết thúc ứng dụng
2026-06-17 20:19:41,442 - INFO - Khởi động ứng dụng
2026-06-17 20:19:41,448 - INFO - Đã tải dữ liệu thành công
2026-06-17 20:19:45,048 - INFO - Khởi động ứng dụng
2026-06-17 20:19:45,064 - INFO - Đã tải dữ liệu thành công
2026-06-17 20:19:52,771 - INFO - Mở cửa sổ danh sách sách quá hạn
2026-06-17 20:21:18,584 - INFO - Mở cửa sổ xem lịch sử mượn/trả
2026-06-17 20:21:22,097 - INFO - Mở cửa sổ trả sách
2026-06-17 20:24:00,330 - INFO - Đã lưu dữ liệu và kết thúc ứng dụng
2026-06-17 20:24:00,993 - INFO - Khởi động ứng dụng
2026-06-17 20:24:00,998 - INFO - Đã tải dữ liệu thành công
2026-06-17 20:24:03,064 - INFO - Đã lưu dữ liệu và kết thúc ứng dụng
2026-06-17 20:30:39,938 - INFO - Khởi động ứng dụng
2026-06-17 20:30:39,943 - INFO - Đã tải dữ liệu thành công
2026-06-17 20:30:45,341 - INFO - Mở cửa sổ thêm sách mới
2026-06-17 20:30:51,076 - INFO - Mở cửa sổ cập nhật sách
2026-06-17 20:30:54,997 - INFO - Mở cửa sổ cập nhật sách
2026-06-17 20:31:00,056 - INFO - Mở cửa sổ tìm kiếm sách
2026-06-17 20:31:11,007 - INFO - Mở cửa sổ thêm bạn đọc mới
2026-06-17 20:33:26,157 - INFO - Đã lưu dữ liệu và kết thúc ứng dụng
2026-06-17 20:33:29,736 - INFO - Khởi động ứng dụng
2026-06-17 20:33:29,740 - INFO - Đã tải dữ liệu thành công
2026-06-17 20:33:48,299 - INFO - Mở cửa sổ mượn sách
2026-06-17 20:33:52,796 - INFO - Mở cửa sổ trả sách
2026-06-17 20:34:07,053 - INFO - Mở cửa sổ xem lịch sử mượn/trả
2026-06-17 20:35:10,850 - INFO - Đã lưu dữ liệu và kết thúc ứng dụng
2026-06-17 20:35:13,585 - INFO - Khởi động ứng dụng
2026-06-17 20:35:13,591 - INFO - Đã tải dữ liệu thành công
2026-06-17 20:35:16,758 - INFO - Mở cửa sổ xem lịch sử mượn/trả
2026-06-17 20:35:38,153 - INFO - Đã lưu dữ liệu và kết thúc ứng dụng
2026-06-17 20:35:40,875 - INFO - Khởi động ứng dụng
2026-06-17 20:35:40,880 - INFO - Đã tải dữ liệu thành công
2026-06-17 20:35:45,214 - INFO - Mở cửa sổ xem lịch sử mượn/trả
2026-06-17 20:35:53,378 - INFO - Mở cửa sổ danh sách sách quá hạn
2026-06-17 20:36:20,448 - INFO - Đã lưu dữ liệu và kết thúc ứng dụng
2026-06-17 20:36:30,715 - INFO - Khởi động ứng dụng
2026-06-17 20:36:30,718 - INFO - Đã tải dữ liệu thành công
2026-06-17 20:36:33,451 - INFO - Mở cửa sổ danh sách sách quá hạn
2026-06-17 20:36:57,792 - INFO - Đã lưu dữ liệu và kết thúc ứng dụng
2026-06-17 21:37:28,566 - INFO - Khởi động ứng dụng
2026-06-17 21:37:28,567 - INFO - Đã tải dữ liệu thành công
2026-06-17 21:37:31,583 - INFO - Đã lưu dữ liệu và kết thúc ứng dụng
2026-06-17 22:47:53,689 - INFO - Khởi động ứng dụng
2026-06-17 22:47:53,692 - INFO - Đã tải dữ liệu thành công
2026-06-17 22:48:15,769 - INFO - Mở cửa sổ thêm sách mới
2026-06-17 22:48:21,095 - INFO - Mở cửa sổ cập nhật sách
2026-06-17 22:48:26,078 - INFO - Cập nhật sách: S003
2026-06-17 22:48:31,068 - INFO - Mở cửa sổ cập nhật sách
2026-06-17 22:48:38,606 - INFO - Cập nhật sách: S003
2026-06-17 22:53:21,026 - INFO - Khởi động ứng dụng
2026-06-17 22:53:21,042 - INFO - Đã tải dữ liệu thành công
2026-06-17 22:53:24,707 - INFO - Đã lưu dữ liệu và kết thúc ứng dụng
2026-06-17 22:53:26,975 - INFO - Khởi động ứng dụng
2026-06-17 22:53:26,977 - INFO - Đã tải dữ liệu thành công
2026-06-17 22:53:29,559 - INFO - Đã lưu dữ liệu và kết thúc ứng dụng
2026-06-17 22:56:14,735 - INFO - Khởi động ứng dụng
2026-06-17 22:56:14,749 - INFO - Đã tải dữ liệu thành công
2026-06-17 22:56:22,308 - INFO - Đã lưu dữ liệu và kết thúc ứng dụng
2026-06-17 23:59:34,145 - INFO - Khởi động ứng dụng
2026-06-17 23:59:34,155 - INFO - Đã tải dữ liệu thành công
2026-06-18 00:00:07,247 - INFO - Đã lưu dữ liệu và kết thúc ứng dụng
